[2.459s] Invoking command in '/root/deepracer_ws/aws-deepracer-launcher/aws-deepracer-usb-monitor-pkg/usb_monitor_pkg': AMENT_PREFIX_PATH=/root/deepracer_ws/aws-deepracer-launcher/install/deepracer_interfaces_pkg:${AMENT_PREFIX_PATH} CMAKE_PREFIX_PATH=/root/deepracer_ws/aws-deepracer-launcher/install/deepracer_interfaces_pkg LD_LIBRARY_PATH=/root/deepracer_ws/aws-deepracer-launcher/install/deepracer_interfaces_pkg/lib:${LD_LIBRARY_PATH} PYTHONPATH=/root/deepracer_ws/aws-deepracer-launcher/build/usb_monitor_pkg/prefix_override:/root/deepracer_ws/aws-deepracer-launcher/install/usb_monitor_pkg/lib/python3.8/site-packages:/root/deepracer_ws/aws-deepracer-launcher/install/deepracer_interfaces_pkg/lib/python3.8/site-packages:${PYTHONPATH} /usr/bin/python3 -W ignore:setup.py install is deprecated setup.py egg_info --egg-base ../../build/usb_monitor_pkg build --build-base /root/deepracer_ws/aws-deepracer-launcher/build/usb_monitor_pkg/build install --record /root/deepracer_ws/aws-deepracer-launcher/build/usb_monitor_pkg/install.log --install-scripts $base/lib/usb_monitor_pkg --single-version-externally-managed install_data
[3.324s] running egg_info
[3.327s] creating ../../build/usb_monitor_pkg/usb_monitor_pkg.egg-info
[3.328s] writing ../../build/usb_monitor_pkg/usb_monitor_pkg.egg-info/PKG-INFO
[3.330s] writing dependency_links to ../../build/usb_monitor_pkg/usb_monitor_pkg.egg-info/dependency_links.txt
[3.332s] writing entry points to ../../build/usb_monitor_pkg/usb_monitor_pkg.egg-info/entry_points.txt
[3.333s] writing requirements to ../../build/usb_monitor_pkg/usb_monitor_pkg.egg-info/requires.txt
[3.334s] writing top-level names to ../../build/usb_monitor_pkg/usb_monitor_pkg.egg-info/top_level.txt
[3.340s] writing manifest file '../../build/usb_monitor_pkg/usb_monitor_pkg.egg-info/SOURCES.txt'
[3.463s] reading manifest file '../../build/usb_monitor_pkg/usb_monitor_pkg.egg-info/SOURCES.txt'
[3.467s] writing manifest file '../../build/usb_monitor_pkg/usb_monitor_pkg.egg-info/SOURCES.txt'
[3.468s] running build
[3.469s] running build_py
[3.470s] creating /root/deepracer_ws/aws-deepracer-launcher/build/usb_monitor_pkg/build
[3.471s] creating /root/deepracer_ws/aws-deepracer-launcher/build/usb_monitor_pkg/build/lib
[3.472s] creating /root/deepracer_ws/aws-deepracer-launcher/build/usb_monitor_pkg/build/lib/usb_monitor_pkg
[3.473s] copying usb_monitor_pkg/__init__.py -> /root/deepracer_ws/aws-deepracer-launcher/build/usb_monitor_pkg/build/lib/usb_monitor_pkg
[3.475s] copying usb_monitor_pkg/constants.py -> /root/deepracer_ws/aws-deepracer-launcher/build/usb_monitor_pkg/build/lib/usb_monitor_pkg
[3.476s] copying usb_monitor_pkg/mount_point_tracker.py -> /root/deepracer_ws/aws-deepracer-launcher/build/usb_monitor_pkg/build/lib/usb_monitor_pkg
[3.478s] copying usb_monitor_pkg/usb_monitor_node.py -> /root/deepracer_ws/aws-deepracer-launcher/build/usb_monitor_pkg/build/lib/usb_monitor_pkg
[3.479s] running install
[3.483s] running install_lib
[3.487s] creating /root/deepracer_ws/aws-deepracer-launcher/install/usb_monitor_pkg/lib/python3.8/site-packages/usb_monitor_pkg
[3.489s] copying /root/deepracer_ws/aws-deepracer-launcher/build/usb_monitor_pkg/build/lib/usb_monitor_pkg/__init__.py -> /root/deepracer_ws/aws-deepracer-launcher/install/usb_monitor_pkg/lib/python3.8/site-packages/usb_monitor_pkg
[3.490s] copying /root/deepracer_ws/aws-deepracer-launcher/build/usb_monitor_pkg/build/lib/usb_monitor_pkg/constants.py -> /root/deepracer_ws/aws-deepracer-launcher/install/usb_monitor_pkg/lib/python3.8/site-packages/usb_monitor_pkg
[3.492s] copying /root/deepracer_ws/aws-deepracer-launcher/build/usb_monitor_pkg/build/lib/usb_monitor_pkg/mount_point_tracker.py -> /root/deepracer_ws/aws-deepracer-launcher/install/usb_monitor_pkg/lib/python3.8/site-packages/usb_monitor_pkg
[3.493s] copying /root/deepracer_ws/aws-deepracer-launcher/build/usb_monitor_pkg/build/lib/usb_monitor_pkg/usb_monitor_node.py -> /root/deepracer_ws/aws-deepracer-launcher/install/usb_monitor_pkg/lib/python3.8/site-packages/usb_monitor_pkg
[3.496s] byte-compiling /root/deepracer_ws/aws-deepracer-launcher/install/usb_monitor_pkg/lib/python3.8/site-packages/usb_monitor_pkg/__init__.py to __init__.cpython-38.pyc
[3.502s] byte-compiling /root/deepracer_ws/aws-deepracer-launcher/install/usb_monitor_pkg/lib/python3.8/site-packages/usb_monitor_pkg/constants.py to constants.cpython-38.pyc
[3.504s] byte-compiling /root/deepracer_ws/aws-deepracer-launcher/install/usb_monitor_pkg/lib/python3.8/site-packages/usb_monitor_pkg/mount_point_tracker.py to mount_point_tracker.cpython-38.pyc
[3.507s] byte-compiling /root/deepracer_ws/aws-deepracer-launcher/install/usb_monitor_pkg/lib/python3.8/site-packages/usb_monitor_pkg/usb_monitor_node.py to usb_monitor_node.cpython-38.pyc
[3.513s] running install_data
[3.515s] creating /root/deepracer_ws/aws-deepracer-launcher/install/usb_monitor_pkg/share/ament_index
[3.516s] creating /root/deepracer_ws/aws-deepracer-launcher/install/usb_monitor_pkg/share/ament_index/resource_index
[3.516s] creating /root/deepracer_ws/aws-deepracer-launcher/install/usb_monitor_pkg/share/ament_index/resource_index/packages
[3.518s] copying resource/usb_monitor_pkg -> /root/deepracer_ws/aws-deepracer-launcher/install/usb_monitor_pkg/share/ament_index/resource_index/packages
[3.519s] copying package.xml -> /root/deepracer_ws/aws-deepracer-launcher/install/usb_monitor_pkg/share/usb_monitor_pkg
[3.521s] copying launch/usb_monitor_pkg_launch.py -> /root/deepracer_ws/aws-deepracer-launcher/install/usb_monitor_pkg/share/usb_monitor_pkg
[3.522s] running install_egg_info
[3.528s] Copying ../../build/usb_monitor_pkg/usb_monitor_pkg.egg-info to /root/deepracer_ws/aws-deepracer-launcher/install/usb_monitor_pkg/lib/python3.8/site-packages/usb_monitor_pkg-0.0.1-py3.8.egg-info
[3.533s] running install_scripts
[3.594s] Installing usb_monitor_node script to /root/deepracer_ws/aws-deepracer-launcher/install/usb_monitor_pkg/lib/usb_monitor_pkg
[3.596s] writing list of installed files to '/root/deepracer_ws/aws-deepracer-launcher/build/usb_monitor_pkg/install.log'
[3.677s] Invoked command in '/root/deepracer_ws/aws-deepracer-launcher/aws-deepracer-usb-monitor-pkg/usb_monitor_pkg' returned '0': AMENT_PREFIX_PATH=/root/deepracer_ws/aws-deepracer-launcher/install/deepracer_interfaces_pkg:${AMENT_PREFIX_PATH} CMAKE_PREFIX_PATH=/root/deepracer_ws/aws-deepracer-launcher/install/deepracer_interfaces_pkg LD_LIBRARY_PATH=/root/deepracer_ws/aws-deepracer-launcher/install/deepracer_interfaces_pkg/lib:${LD_LIBRARY_PATH} PYTHONPATH=/root/deepracer_ws/aws-deepracer-launcher/build/usb_monitor_pkg/prefix_override:/root/deepracer_ws/aws-deepracer-launcher/install/usb_monitor_pkg/lib/python3.8/site-packages:/root/deepracer_ws/aws-deepracer-launcher/install/deepracer_interfaces_pkg/lib/python3.8/site-packages:${PYTHONPATH} /usr/bin/python3 -W ignore:setup.py install is deprecated setup.py egg_info --egg-base ../../build/usb_monitor_pkg build --build-base /root/deepracer_ws/aws-deepracer-launcher/build/usb_monitor_pkg/build install --record /root/deepracer_ws/aws-deepracer-launcher/build/usb_monitor_pkg/install.log --install-scripts $base/lib/usb_monitor_pkg --single-version-externally-managed install_data
