[0.025s] Invoking command in '/root/deepracer_ws/aws-deepracer-launcher/build/web_video_server': CMAKE_PREFIX_PATH=/opt/ros/foxy:/root/deepracer_ws/aws-deepracer-launcher/install/async_web_server_cpp LD_LIBRARY_PATH=/root/deepracer_ws/aws-deepracer-launcher/install/async_web_server_cpp/lib:${LD_LIBRARY_PATH} PKG_CONFIG_PATH=/root/deepracer_ws/aws-deepracer-launcher/install/async_web_server_cpp/lib/x86_64-linux-gnu/pkgconfig:/root/deepracer_ws/aws-deepracer-launcher/install/async_web_server_cpp/lib/pkgconfig:/opt/intel/openvino_2021/data_processing/dl_streamer/lib/pkgconfig:/opt/intel/openvino_2021/data_processing/gstreamer/lib/pkgconfig ROS_PACKAGE_PATH=/root/deepracer_ws/aws-deepracer-launcher/install/async_web_server_cpp/share /usr/bin/cmake /root/deepracer_ws/aws-deepracer-launcher/web_video_server -DCMAKE_INSTALL_PREFIX=/root/deepracer_ws/aws-deepracer-launcher/install/web_video_server
[0.220s] -- The C compiler identification is GNU 9.3.0
[0.397s] -- The CXX compiler identification is GNU 9.3.0
[0.447s] -- Check for working C compiler: /usr/bin/cc
[0.665s] -- Check for working C compiler: /usr/bin/cc -- works
[0.669s] -- Detecting C compiler ABI info
[1.038s] -- Detecting C compiler ABI info - done
[1.083s] -- Detecting C compile features
[1.085s] -- Detecting C compile features - done
[1.095s] -- Check for working CXX compiler: /usr/bin/c++
[1.344s] -- Check for working CXX compiler: /usr/bin/c++ -- works
[1.348s] -- Detecting CXX compiler ABI info
[1.750s] -- Detecting CXX compiler ABI info - done
[1.800s] -- Detecting CXX compile features
[1.803s] -- Detecting CXX compile features - done
[1.985s] -- Found ament_cmake_ros: 0.9.1 (/opt/ros/foxy/share/ament_cmake_ros/cmake)
[2.091s] -- Found PythonInterp: /usr/bin/python3 (found suitable version "3.8.5", minimum required is "3") 
[2.092s] -- Using PYTHON_EXECUTABLE: /usr/bin/python3
[3.046s] -- Found async_web_server_cpp: 1.0.0 (/root/deepracer_ws/aws-deepracer-launcher/install/async_web_server_cpp/share/async_web_server_cpp/cmake)
[3.573s] -- Found cv_bridge: 2.2.1 (/opt/ros/foxy/share/cv_bridge/cmake)
[3.610s] -- Found image_transport: 2.3.0 (/opt/ros/foxy/share/image_transport/cmake)
[3.753s] -- Using all available rosidl_typesupport_c: rosidl_typesupport_fastrtps_c;rosidl_typesupport_introspection_c
[3.775s] -- Found rosidl_adapter: 1.2.0 (/opt/ros/foxy/share/rosidl_adapter/cmake)
[3.847s] -- Found OpenSSL: /usr/lib/x86_64-linux-gnu/libcrypto.so (found version "1.1.1f")  
[3.945s] -- Found FastRTPS: /opt/ros/foxy/include  
[4.205s] -- Using all available rosidl_typesupport_cpp: rosidl_typesupport_fastrtps_cpp;rosidl_typesupport_introspection_cpp
[4.407s] -- Found rmw_implementation_cmake: 1.0.2 (/opt/ros/foxy/share/rmw_implementation_cmake/cmake)
[4.412s] -- Using RMW implementation 'rmw_fastrtps_cpp' as default
[4.416s] -- Looking for pthread.h
[4.648s] -- Looking for pthread.h - found
[4.650s] -- Performing Test CMAKE_HAVE_LIBC_PTHREAD
[4.881s] -- Performing Test CMAKE_HAVE_LIBC_PTHREAD - Failed
[4.883s] -- Looking for pthread_create in pthreads
[5.049s] -- Looking for pthread_create in pthreads - not found
[5.051s] -- Looking for pthread_create in pthread
[5.281s] -- Looking for pthread_create in pthread - found
[5.284s] -- Found Threads: TRUE  
[6.586s] -- Found OpenCV: /opt/intel/openvino_2021.1.110/opencv (found version "4.5.0") 
[6.626s] -- Found Boost: /usr/lib/x86_64-linux-gnu/cmake/Boost-1.71.0/BoostConfig.cmake (found version "1.71.0") found components: thread 
[6.639s] -- Found PkgConfig: /usr/bin/pkg-config (found version "0.29.1") 
[6.644s] -- Checking for module 'libavcodec'
[6.692s] --   Found libavcodec, version 58.54.100
[6.811s] -- Checking for module 'libavformat'
[6.858s] --   Found libavformat, version 58.29.100
[6.980s] -- Checking for module 'libavutil'
[7.029s] --   Found libavutil, version 56.31.100
[7.148s] -- Checking for module 'libswscale'
[7.196s] --   Found libswscale, version 5.5.100
[7.898s] -- Configuring done
[7.972s] -- Generating done
[7.979s] -- Build files have been written to: /root/deepracer_ws/aws-deepracer-launcher/build/web_video_server
[8.012s] Invoked command in '/root/deepracer_ws/aws-deepracer-launcher/build/web_video_server' returned '0': CMAKE_PREFIX_PATH=/opt/ros/foxy:/root/deepracer_ws/aws-deepracer-launcher/install/async_web_server_cpp LD_LIBRARY_PATH=/root/deepracer_ws/aws-deepracer-launcher/install/async_web_server_cpp/lib:${LD_LIBRARY_PATH} PKG_CONFIG_PATH=/root/deepracer_ws/aws-deepracer-launcher/install/async_web_server_cpp/lib/x86_64-linux-gnu/pkgconfig:/root/deepracer_ws/aws-deepracer-launcher/install/async_web_server_cpp/lib/pkgconfig:/opt/intel/openvino_2021/data_processing/dl_streamer/lib/pkgconfig:/opt/intel/openvino_2021/data_processing/gstreamer/lib/pkgconfig ROS_PACKAGE_PATH=/root/deepracer_ws/aws-deepracer-launcher/install/async_web_server_cpp/share /usr/bin/cmake /root/deepracer_ws/aws-deepracer-launcher/web_video_server -DCMAKE_INSTALL_PREFIX=/root/deepracer_ws/aws-deepracer-launcher/install/web_video_server
[8.020s] Invoking command in '/root/deepracer_ws/aws-deepracer-launcher/build/web_video_server': CMAKE_PREFIX_PATH=/opt/ros/foxy:/root/deepracer_ws/aws-deepracer-launcher/install/async_web_server_cpp LD_LIBRARY_PATH=/root/deepracer_ws/aws-deepracer-launcher/install/async_web_server_cpp/lib:${LD_LIBRARY_PATH} PKG_CONFIG_PATH=/root/deepracer_ws/aws-deepracer-launcher/install/async_web_server_cpp/lib/x86_64-linux-gnu/pkgconfig:/root/deepracer_ws/aws-deepracer-launcher/install/async_web_server_cpp/lib/pkgconfig:/opt/intel/openvino_2021/data_processing/dl_streamer/lib/pkgconfig:/opt/intel/openvino_2021/data_processing/gstreamer/lib/pkgconfig ROS_PACKAGE_PATH=/root/deepracer_ws/aws-deepracer-launcher/install/async_web_server_cpp/share /usr/bin/cmake --build /root/deepracer_ws/aws-deepracer-launcher/build/web_video_server -- -j2 -l2
[8.143s] [35m[1mScanning dependencies of target web_video_server[0m
[8.767s] [  9%] [32mBuilding CXX object CMakeFiles/web_video_server.dir/src/web_video_server.cpp.o[0m
[35.762s] [ 18%] [32mBuilding CXX object CMakeFiles/web_video_server.dir/src/image_streamer.cpp.o[0m
[58.384s] [ 27%] [32mBuilding CXX object CMakeFiles/web_video_server.dir/src/libav_streamer.cpp.o[0m
[75.204s] [01m[K/root/deepracer_ws/aws-deepracer-launcher/web_video_server/src/libav_streamer.cpp:[m[K In constructor ‘[01m[Kweb_video_server::LibavStreamer::LibavStreamer(const async_web_server_cpp::HttpRequest&, async_web_server_cpp::HttpConnectionPtr, rclcpp::Node::SharedPtr, const string&, const string&, const string&)[m[K’:
[75.206s] [01m[K/root/deepracer_ws/aws-deepracer-launcher/web_video_server/src/libav_streamer.cpp:65:55:[m[K [01;35m[Kwarning: [m[K‘[01m[Kint av_lockmgr_register(int (*)(void**, AVLockOp))[m[K’ is deprecated [[01;35m[K-Wdeprecated-declarations[m[K]
[75.206s]    65 |   av_lockmgr_register(&ffmpeg_boost_mutex_lock_manager[01;35m[K)[m[K;
[75.207s]       |                                                       [01;35m[K^[m[K
[75.207s] In file included from [01m[K/root/deepracer_ws/aws-deepracer-launcher/web_video_server/include/web_video_server/libav_streamer.h:11[m[K,
[75.208s]                  from [01m[K/root/deepracer_ws/aws-deepracer-launcher/web_video_server/src/libav_streamer.cpp:1[m[K:
[75.208s] [01m[K/usr/include/x86_64-linux-gnu/libavcodec/avcodec.h:6163:5:[m[K [01;36m[Knote: [m[Kdeclared here
[75.208s]  6163 | int [01;36m[Kav_lockmgr_register[m[K(int (*cb)(void **mutex, enum AVLockOp op));
[75.209s]       |     [01;36m[K^~~~~~~~~~~~~~~~~~~[m[K
[75.209s] [01m[K/root/deepracer_ws/aws-deepracer-launcher/web_video_server/src/libav_streamer.cpp:65:55:[m[K [01;35m[Kwarning: [m[K‘[01m[Kint av_lockmgr_register(int (*)(void**, AVLockOp))[m[K’ is deprecated [[01;35m[K-Wdeprecated-declarations[m[K]
[75.209s]    65 |   av_lockmgr_register(&ffmpeg_boost_mutex_lock_manager[01;35m[K)[m[K;
[75.210s]       |                                                       [01;35m[K^[m[K
[75.210s] In file included from [01m[K/root/deepracer_ws/aws-deepracer-launcher/web_video_server/include/web_video_server/libav_streamer.h:11[m[K,
[75.210s]                  from [01m[K/root/deepracer_ws/aws-deepracer-launcher/web_video_server/src/libav_streamer.cpp:1[m[K:
[75.211s] [01m[K/usr/include/x86_64-linux-gnu/libavcodec/avcodec.h:6163:5:[m[K [01;36m[Knote: [m[Kdeclared here
[75.211s]  6163 | int [01;36m[Kav_lockmgr_register[m[K(int (*cb)(void **mutex, enum AVLockOp op));
[75.211s]       |     [01;36m[K^~~~~~~~~~~~~~~~~~~[m[K
[75.211s] [01m[K/root/deepracer_ws/aws-deepracer-launcher/web_video_server/src/libav_streamer.cpp:66:19:[m[K [01;35m[Kwarning: [m[K‘[01m[Kvoid av_register_all()[m[K’ is deprecated [[01;35m[K-Wdeprecated-declarations[m[K]
[75.212s]    66 |   av_register_all([01;35m[K)[m[K;
[75.212s]       |                   [01;35m[K^[m[K
[75.212s] In file included from [01m[K/root/deepracer_ws/aws-deepracer-launcher/web_video_server/include/web_video_server/libav_streamer.h:12[m[K,
[75.218s]                  from [01m[K/root/deepracer_ws/aws-deepracer-launcher/web_video_server/src/libav_streamer.cpp:1[m[K:
[75.218s] [01m[K/usr/include/x86_64-linux-gnu/libavformat/avformat.h:2050:6:[m[K [01;36m[Knote: [m[Kdeclared here
[75.218s]  2050 | void [01;36m[Kav_register_all[m[K(void);
[75.219s]       |      [01;36m[K^~~~~~~~~~~~~~~[m[K
[75.219s] [01m[K/root/deepracer_ws/aws-deepracer-launcher/web_video_server/src/libav_streamer.cpp:66:19:[m[K [01;35m[Kwarning: [m[K‘[01m[Kvoid av_register_all()[m[K’ is deprecated [[01;35m[K-Wdeprecated-declarations[m[K]
[75.219s]    66 |   av_register_all([01;35m[K)[m[K;
[75.220s]       |                   [01;35m[K^[m[K
[75.220s] In file included from [01m[K/root/deepracer_ws/aws-deepracer-launcher/web_video_server/include/web_video_server/libav_streamer.h:12[m[K,
[75.220s]                  from [01m[K/root/deepracer_ws/aws-deepracer-launcher/web_video_server/src/libav_streamer.cpp:1[m[K:
[75.220s] [01m[K/usr/include/x86_64-linux-gnu/libavformat/avformat.h:2050:6:[m[K [01;36m[Knote: [m[Kdeclared here
[75.221s]  2050 | void [01;36m[Kav_register_all[m[K(void);
[75.221s]       |      [01;36m[K^~~~~~~~~~~~~~~[m[K
[75.221s] [01m[K/root/deepracer_ws/aws-deepracer-launcher/web_video_server/src/libav_streamer.cpp:[m[K In member function ‘[01m[Kvirtual void web_video_server::LibavStreamer::initialize(const cv::Mat&)[m[K’:
[75.222s] [01m[K/root/deepracer_ws/aws-deepracer-launcher/web_video_server/src/libav_streamer.cpp:160:35:[m[K [01;35m[Kwarning: [m[K‘[01m[KAVStream::codec[m[K’ is deprecated [[01;35m[K-Wdeprecated-declarations[m[K]
[75.222s]   160 |   codec_context_ = video_stream_->[01;35m[Kcodec[m[K;
[75.222s]       |                                   [01;35m[K^~~~~[m[K
[75.223s] In file included from [01m[K/root/deepracer_ws/aws-deepracer-launcher/web_video_server/include/web_video_server/libav_streamer.h:12[m[K,
[75.223s]                  from [01m[K/root/deepracer_ws/aws-deepracer-launcher/web_video_server/src/libav_streamer.cpp:1[m[K:
[75.223s] [01m[K/usr/include/x86_64-linux-gnu/libavformat/avformat.h:885:21:[m[K [01;36m[Knote: [m[Kdeclared here
[75.223s]   885 |     AVCodecContext *[01;36m[Kcodec[m[K;
[75.224s]       |                     [01;36m[K^~~~~[m[K
[75.224s] [01m[K/root/deepracer_ws/aws-deepracer-launcher/web_video_server/src/libav_streamer.cpp:160:35:[m[K [01;35m[Kwarning: [m[K‘[01m[KAVStream::codec[m[K’ is deprecated [[01;35m[K-Wdeprecated-declarations[m[K]
[75.224s]   160 |   codec_context_ = video_stream_->[01;35m[Kcodec[m[K;
[75.231s]       |                                   [01;35m[K^~~~~[m[K
[75.231s] In file included from [01m[K/root/deepracer_ws/aws-deepracer-launcher/web_video_server/include/web_video_server/libav_streamer.h:12[m[K,
[75.231s]                  from [01m[K/root/deepracer_ws/aws-deepracer-launcher/web_video_server/src/libav_streamer.cpp:1[m[K:
[75.232s] [01m[K/usr/include/x86_64-linux-gnu/libavformat/avformat.h:885:21:[m[K [01;36m[Knote: [m[Kdeclared here
[75.232s]   885 |     AVCodecContext *[01;36m[Kcodec[m[K;
[75.232s]       |                     [01;36m[K^~~~~[m[K
[75.233s] [01m[K/root/deepracer_ws/aws-deepracer-launcher/web_video_server/src/libav_streamer.cpp:160:35:[m[K [01;35m[Kwarning: [m[K‘[01m[KAVStream::codec[m[K’ is deprecated [[01;35m[K-Wdeprecated-declarations[m[K]
[75.233s]   160 |   codec_context_ = video_stream_->[01;35m[Kcodec[m[K;
[75.233s]       |                                   [01;35m[K^~~~~[m[K
[75.234s] In file included from [01m[K/root/deepracer_ws/aws-deepracer-launcher/web_video_server/include/web_video_server/libav_streamer.h:12[m[K,
[75.234s]                  from [01m[K/root/deepracer_ws/aws-deepracer-launcher/web_video_server/src/libav_streamer.cpp:1[m[K:
[75.234s] [01m[K/usr/include/x86_64-linux-gnu/libavformat/avformat.h:885:21:[m[K [01;36m[Knote: [m[Kdeclared here
[75.235s]   885 |     AVCodecContext *[01;36m[Kcodec[m[K;
[75.235s]       |                     [01;36m[K^~~~~[m[K
[80.467s] [ 36%] [32mBuilding CXX object CMakeFiles/web_video_server.dir/src/vp8_streamer.cpp.o[0m
[101.407s] [ 45%] [32mBuilding CXX object CMakeFiles/web_video_server.dir/src/h264_streamer.cpp.o[0m
[122.135s] [ 54%] [32mBuilding CXX object CMakeFiles/web_video_server.dir/src/vp9_streamer.cpp.o[0m
[142.935s] [ 63%] [32mBuilding CXX object CMakeFiles/web_video_server.dir/src/multipart_stream.cpp.o[0m
[158.139s] [ 72%] [32mBuilding CXX object CMakeFiles/web_video_server.dir/src/ros_compressed_streamer.cpp.o[0m
[190.943s] [ 81%] [32mBuilding CXX object CMakeFiles/web_video_server.dir/src/jpeg_streamers.cpp.o[0m
[213.073s] [ 90%] [32mBuilding CXX object CMakeFiles/web_video_server.dir/src/png_streamers.cpp.o[0m
[235.200s] [100%] [32m[1mLinking CXX executable web_video_server[0m
[239.799s] /usr/bin/ld: warning: libopencv_imgcodecs.so.4.2, needed by /opt/ros/foxy/lib/libcv_bridge.so, may conflict with libopencv_imgcodecs.so.4.5
[239.799s] /usr/bin/ld: warning: libopencv_imgproc.so.4.2, needed by /opt/ros/foxy/lib/libcv_bridge.so, may conflict with libopencv_imgproc.so.4.5
[239.800s] /usr/bin/ld: warning: libopencv_core.so.4.2, needed by /opt/ros/foxy/lib/libcv_bridge.so, may conflict with libopencv_core.so.4.5
[239.827s] [100%] Built target web_video_server
[239.864s] Invoked command in '/root/deepracer_ws/aws-deepracer-launcher/build/web_video_server' returned '0': CMAKE_PREFIX_PATH=/opt/ros/foxy:/root/deepracer_ws/aws-deepracer-launcher/install/async_web_server_cpp LD_LIBRARY_PATH=/root/deepracer_ws/aws-deepracer-launcher/install/async_web_server_cpp/lib:${LD_LIBRARY_PATH} PKG_CONFIG_PATH=/root/deepracer_ws/aws-deepracer-launcher/install/async_web_server_cpp/lib/x86_64-linux-gnu/pkgconfig:/root/deepracer_ws/aws-deepracer-launcher/install/async_web_server_cpp/lib/pkgconfig:/opt/intel/openvino_2021/data_processing/dl_streamer/lib/pkgconfig:/opt/intel/openvino_2021/data_processing/gstreamer/lib/pkgconfig ROS_PACKAGE_PATH=/root/deepracer_ws/aws-deepracer-launcher/install/async_web_server_cpp/share /usr/bin/cmake --build /root/deepracer_ws/aws-deepracer-launcher/build/web_video_server -- -j2 -l2
[240.012s] Invoking command in '/root/deepracer_ws/aws-deepracer-launcher/build/web_video_server': CMAKE_PREFIX_PATH=/opt/ros/foxy:/root/deepracer_ws/aws-deepracer-launcher/install/async_web_server_cpp LD_LIBRARY_PATH=/root/deepracer_ws/aws-deepracer-launcher/install/async_web_server_cpp/lib:${LD_LIBRARY_PATH} PKG_CONFIG_PATH=/root/deepracer_ws/aws-deepracer-launcher/install/async_web_server_cpp/lib/x86_64-linux-gnu/pkgconfig:/root/deepracer_ws/aws-deepracer-launcher/install/async_web_server_cpp/lib/pkgconfig:/opt/intel/openvino_2021/data_processing/dl_streamer/lib/pkgconfig:/opt/intel/openvino_2021/data_processing/gstreamer/lib/pkgconfig ROS_PACKAGE_PATH=/root/deepracer_ws/aws-deepracer-launcher/install/async_web_server_cpp/share /usr/bin/cmake --install /root/deepracer_ws/aws-deepracer-launcher/build/web_video_server
[240.044s] -- Install configuration: ""
[240.045s] -- Installing: /root/deepracer_ws/aws-deepracer-launcher/install/web_video_server/lib/web_video_server/web_video_server
[240.251s] -- Set runtime path of "/root/deepracer_ws/aws-deepracer-launcher/install/web_video_server/lib/web_video_server/web_video_server" to ""
[240.252s] -- Installing: /root/deepracer_ws/aws-deepracer-launcher/install/web_video_server/include/web_video_server
[240.254s] -- Installing: /root/deepracer_ws/aws-deepracer-launcher/install/web_video_server/include/web_video_server/h264_streamer.h
[240.254s] -- Installing: /root/deepracer_ws/aws-deepracer-launcher/install/web_video_server/include/web_video_server/image_streamer.h
[240.256s] -- Installing: /root/deepracer_ws/aws-deepracer-launcher/install/web_video_server/include/web_video_server/jpeg_streamers.h
[240.258s] -- Installing: /root/deepracer_ws/aws-deepracer-launcher/install/web_video_server/include/web_video_server/libav_streamer.h
[240.258s] -- Installing: /root/deepracer_ws/aws-deepracer-launcher/install/web_video_server/include/web_video_server/multipart_stream.h
[240.258s] -- Installing: /root/deepracer_ws/aws-deepracer-launcher/install/web_video_server/include/web_video_server/png_streamers.h
[240.259s] -- Installing: /root/deepracer_ws/aws-deepracer-launcher/install/web_video_server/include/web_video_server/ros_compressed_streamer.h
[240.259s] -- Installing: /root/deepracer_ws/aws-deepracer-launcher/install/web_video_server/include/web_video_server/vp8_streamer.h
[240.259s] -- Installing: /root/deepracer_ws/aws-deepracer-launcher/install/web_video_server/include/web_video_server/vp9_streamer.h
[240.263s] -- Installing: /root/deepracer_ws/aws-deepracer-launcher/install/web_video_server/include/web_video_server/web_video_server.h
[240.264s] -- Installing: /root/deepracer_ws/aws-deepracer-launcher/install/web_video_server/share/ament_index/resource_index/package_run_dependencies/web_video_server
[240.264s] -- Installing: /root/deepracer_ws/aws-deepracer-launcher/install/web_video_server/share/ament_index/resource_index/parent_prefix_path/web_video_server
[240.264s] -- Installing: /root/deepracer_ws/aws-deepracer-launcher/install/web_video_server/share/web_video_server/environment/ament_prefix_path.sh
[240.267s] -- Installing: /root/deepracer_ws/aws-deepracer-launcher/install/web_video_server/share/web_video_server/environment/ament_prefix_path.dsv
[240.267s] -- Installing: /root/deepracer_ws/aws-deepracer-launcher/install/web_video_server/share/web_video_server/environment/path.sh
[240.267s] -- Installing: /root/deepracer_ws/aws-deepracer-launcher/install/web_video_server/share/web_video_server/environment/path.dsv
[240.270s] -- Installing: /root/deepracer_ws/aws-deepracer-launcher/install/web_video_server/share/web_video_server/local_setup.bash
[240.270s] -- Installing: /root/deepracer_ws/aws-deepracer-launcher/install/web_video_server/share/web_video_server/local_setup.sh
[240.270s] -- Installing: /root/deepracer_ws/aws-deepracer-launcher/install/web_video_server/share/web_video_server/local_setup.zsh
[240.272s] -- Installing: /root/deepracer_ws/aws-deepracer-launcher/install/web_video_server/share/web_video_server/local_setup.dsv
[240.273s] -- Installing: /root/deepracer_ws/aws-deepracer-launcher/install/web_video_server/share/web_video_server/package.dsv
[240.275s] -- Installing: /root/deepracer_ws/aws-deepracer-launcher/install/web_video_server/share/ament_index/resource_index/packages/web_video_server
[240.275s] -- Installing: /root/deepracer_ws/aws-deepracer-launcher/install/web_video_server/share/web_video_server/cmake/web_video_serverConfig.cmake
[240.275s] -- Installing: /root/deepracer_ws/aws-deepracer-launcher/install/web_video_server/share/web_video_server/cmake/web_video_serverConfig-version.cmake
[240.289s] -- Installing: /root/deepracer_ws/aws-deepracer-launcher/install/web_video_server/share/web_video_server/package.xml
[240.290s] Invoked command in '/root/deepracer_ws/aws-deepracer-launcher/build/web_video_server' returned '0': CMAKE_PREFIX_PATH=/opt/ros/foxy:/root/deepracer_ws/aws-deepracer-launcher/install/async_web_server_cpp LD_LIBRARY_PATH=/root/deepracer_ws/aws-deepracer-launcher/install/async_web_server_cpp/lib:${LD_LIBRARY_PATH} PKG_CONFIG_PATH=/root/deepracer_ws/aws-deepracer-launcher/install/async_web_server_cpp/lib/x86_64-linux-gnu/pkgconfig:/root/deepracer_ws/aws-deepracer-launcher/install/async_web_server_cpp/lib/pkgconfig:/opt/intel/openvino_2021/data_processing/dl_streamer/lib/pkgconfig:/opt/intel/openvino_2021/data_processing/gstreamer/lib/pkgconfig ROS_PACKAGE_PATH=/root/deepracer_ws/aws-deepracer-launcher/install/async_web_server_cpp/share /usr/bin/cmake --install /root/deepracer_ws/aws-deepracer-launcher/build/web_video_server
