[0.070s] Invoking command in '/root/deepracer_ws/aws-deepracer-launcher/build/ctrl_pkg': AMENT_PREFIX_PATH=/root/deepracer_ws/aws-deepracer-launcher/install/servo_pkg:/root/deepracer_ws/aws-deepracer-launcher/install/model_optimizer_pkg:/root/deepracer_ws/aws-deepracer-launcher/install/inference_pkg:/root/deepracer_ws/aws-deepracer-launcher/install/deepracer_navigation_pkg:/root/deepracer_ws/aws-deepracer-launcher/install/camera_pkg:/root/deepracer_ws/aws-deepracer-launcher/install/deepracer_interfaces_pkg:${AMENT_PREFIX_PATH} CMAKE_PREFIX_PATH=/root/deepracer_ws/aws-deepracer-launcher/install/servo_pkg:/root/deepracer_ws/aws-deepracer-launcher/install/inference_pkg:/root/deepracer_ws/aws-deepracer-launcher/install/camera_pkg:/root/deepracer_ws/aws-deepracer-launcher/install/deepracer_interfaces_pkg:/opt/ros/foxy LD_LIBRARY_PATH=/root/deepracer_ws/aws-deepracer-launcher/install/deepracer_interfaces_pkg/lib:${LD_LIBRARY_PATH} PYTHONPATH=/root/deepracer_ws/aws-deepracer-launcher/install/model_optimizer_pkg/lib/python3.8/site-packages:/root/deepracer_ws/aws-deepracer-launcher/install/deepracer_navigation_pkg/lib/python3.8/site-packages:/root/deepracer_ws/aws-deepracer-launcher/install/deepracer_interfaces_pkg/lib/python3.8/site-packages:${PYTHONPATH} /usr/bin/cmake /root/deepracer_ws/aws-deepracer-launcher/aws-deepracer-ctrl-pkg/ctrl_pkg -DCMAKE_INSTALL_PREFIX=/root/deepracer_ws/aws-deepracer-launcher/install/ctrl_pkg
[0.293s] -- The C compiler identification is GNU 9.3.0
[0.476s] -- The CXX compiler identification is GNU 9.3.0
[0.644s] -- Check for working C compiler: /usr/bin/cc
[0.866s] -- Check for working C compiler: /usr/bin/cc -- works
[0.869s] -- Detecting C compiler ABI info
[1.239s] -- Detecting C compiler ABI info - done
[1.283s] -- Detecting C compile features
[1.285s] -- Detecting C compile features - done
[1.296s] -- Check for working CXX compiler: /usr/bin/c++
[1.551s] -- Check for working CXX compiler: /usr/bin/c++ -- works
[1.555s] -- Detecting CXX compiler ABI info
[1.959s] -- Detecting CXX compiler ABI info - done
[2.005s] -- Detecting CXX compile features
[2.008s] -- Detecting CXX compile features - done
[2.018s] -- Found ament_cmake: 0.9.8 (/opt/ros/foxy/share/ament_cmake/cmake)
[2.113s] -- Found PythonInterp: /usr/bin/python3 (found suitable version "3.8.5", minimum required is "3") 
[2.114s] -- Using PYTHON_EXECUTABLE: /usr/bin/python3
[3.277s] -- Found rclcpp: 2.3.0 (/opt/ros/foxy/share/rclcpp/cmake)
[3.431s] -- Using all available rosidl_typesupport_c: rosidl_typesupport_fastrtps_c;rosidl_typesupport_introspection_c
[3.456s] -- Found rosidl_adapter: 1.2.0 (/opt/ros/foxy/share/rosidl_adapter/cmake)
[3.698s] -- Found OpenSSL: /usr/lib/x86_64-linux-gnu/libcrypto.so (found version "1.1.1f")  
[3.787s] -- Found FastRTPS: /opt/ros/foxy/include  
[4.046s] -- Using all available rosidl_typesupport_cpp: rosidl_typesupport_fastrtps_cpp;rosidl_typesupport_introspection_cpp
[4.257s] -- Found rmw_implementation_cmake: 1.0.2 (/opt/ros/foxy/share/rmw_implementation_cmake/cmake)
[4.264s] -- Using RMW implementation 'rmw_fastrtps_cpp' as default
[4.267s] -- Looking for pthread.h
[4.497s] -- Looking for pthread.h - found
[4.499s] -- Performing Test CMAKE_HAVE_LIBC_PTHREAD
[4.734s] -- Performing Test CMAKE_HAVE_LIBC_PTHREAD - Failed
[4.735s] -- Looking for pthread_create in pthreads
[4.901s] -- Looking for pthread_create in pthreads - not found
[4.903s] -- Looking for pthread_create in pthread
[5.128s] -- Looking for pthread_create in pthread - found
[5.132s] -- Found Threads: TRUE  
[5.703s] -- Found deepracer_interfaces_pkg: 0.0.1 (/root/deepracer_ws/aws-deepracer-launcher/install/deepracer_interfaces_pkg/share/deepracer_interfaces_pkg/cmake)
[6.632s] -- Found ament_lint_auto: 0.9.6 (/opt/ros/foxy/share/ament_lint_auto/cmake)
[7.071s] -- Added test 'copyright' to check source files copyright and LICENSE
[7.076s] -- Added test 'cppcheck' to perform static code analysis on C / C++ code
[7.078s] -- Configured cppcheck include dirs: /root/deepracer_ws/aws-deepracer-launcher/aws-deepracer-ctrl-pkg/ctrl_pkg/include
[7.079s] -- Configured cppcheck exclude dirs and/or files: 
[7.083s] -- Added test 'cpplint' to check C / C++ code against the Google style
[7.084s] -- Configured cpplint exclude dirs and/or files: 
[7.087s] -- Added test 'flake8' to check Python code syntax and style conventions
[7.090s] -- Added test 'lint_cmake' to check CMake code style
[7.093s] -- Added test 'pep257' to check Python code against some of the style conventions in PEP 257
[7.097s] -- Added test 'uncrustify' to check C / C++ code style
[7.098s] -- Configured uncrustify additional arguments: 
[7.101s] -- Added test 'xmllint' to check XML markup files
[7.112s] -- Configuring done
[7.146s] -- Generating done
[7.153s] -- Build files have been written to: /root/deepracer_ws/aws-deepracer-launcher/build/ctrl_pkg
[7.184s] Invoked command in '/root/deepracer_ws/aws-deepracer-launcher/build/ctrl_pkg' returned '0': AMENT_PREFIX_PATH=/root/deepracer_ws/aws-deepracer-launcher/install/servo_pkg:/root/deepracer_ws/aws-deepracer-launcher/install/model_optimizer_pkg:/root/deepracer_ws/aws-deepracer-launcher/install/inference_pkg:/root/deepracer_ws/aws-deepracer-launcher/install/deepracer_navigation_pkg:/root/deepracer_ws/aws-deepracer-launcher/install/camera_pkg:/root/deepracer_ws/aws-deepracer-launcher/install/deepracer_interfaces_pkg:${AMENT_PREFIX_PATH} CMAKE_PREFIX_PATH=/root/deepracer_ws/aws-deepracer-launcher/install/servo_pkg:/root/deepracer_ws/aws-deepracer-launcher/install/inference_pkg:/root/deepracer_ws/aws-deepracer-launcher/install/camera_pkg:/root/deepracer_ws/aws-deepracer-launcher/install/deepracer_interfaces_pkg:/opt/ros/foxy LD_LIBRARY_PATH=/root/deepracer_ws/aws-deepracer-launcher/install/deepracer_interfaces_pkg/lib:${LD_LIBRARY_PATH} PYTHONPATH=/root/deepracer_ws/aws-deepracer-launcher/install/model_optimizer_pkg/lib/python3.8/site-packages:/root/deepracer_ws/aws-deepracer-launcher/install/deepracer_navigation_pkg/lib/python3.8/site-packages:/root/deepracer_ws/aws-deepracer-launcher/install/deepracer_interfaces_pkg/lib/python3.8/site-packages:${PYTHONPATH} /usr/bin/cmake /root/deepracer_ws/aws-deepracer-launcher/aws-deepracer-ctrl-pkg/ctrl_pkg -DCMAKE_INSTALL_PREFIX=/root/deepracer_ws/aws-deepracer-launcher/install/ctrl_pkg
[7.185s] Invoking command in '/root/deepracer_ws/aws-deepracer-launcher/build/ctrl_pkg': AMENT_PREFIX_PATH=/root/deepracer_ws/aws-deepracer-launcher/install/servo_pkg:/root/deepracer_ws/aws-deepracer-launcher/install/model_optimizer_pkg:/root/deepracer_ws/aws-deepracer-launcher/install/inference_pkg:/root/deepracer_ws/aws-deepracer-launcher/install/deepracer_navigation_pkg:/root/deepracer_ws/aws-deepracer-launcher/install/camera_pkg:/root/deepracer_ws/aws-deepracer-launcher/install/deepracer_interfaces_pkg:${AMENT_PREFIX_PATH} CMAKE_PREFIX_PATH=/root/deepracer_ws/aws-deepracer-launcher/install/servo_pkg:/root/deepracer_ws/aws-deepracer-launcher/install/inference_pkg:/root/deepracer_ws/aws-deepracer-launcher/install/camera_pkg:/root/deepracer_ws/aws-deepracer-launcher/install/deepracer_interfaces_pkg:/opt/ros/foxy LD_LIBRARY_PATH=/root/deepracer_ws/aws-deepracer-launcher/install/deepracer_interfaces_pkg/lib:${LD_LIBRARY_PATH} PYTHONPATH=/root/deepracer_ws/aws-deepracer-launcher/install/model_optimizer_pkg/lib/python3.8/site-packages:/root/deepracer_ws/aws-deepracer-launcher/install/deepracer_navigation_pkg/lib/python3.8/site-packages:/root/deepracer_ws/aws-deepracer-launcher/install/deepracer_interfaces_pkg/lib/python3.8/site-packages:${PYTHONPATH} /usr/bin/cmake --build /root/deepracer_ws/aws-deepracer-launcher/build/ctrl_pkg -- -j2 -l2
[7.311s] [35m[1mScanning dependencies of target ctrl_node[0m
[7.650s] [ 33%] [32mBuilding CXX object CMakeFiles/ctrl_node.dir/src/ctrl_node.cpp.o[0m
[34.005s] [ 66%] [32mBuilding CXX object CMakeFiles/ctrl_node.dir/src/ctrl_state.cpp.o[0m
[71.383s] [100%] [32m[1mLinking CXX executable ctrl_node[0m
[74.092s] [100%] Built target ctrl_node
[74.130s] Invoked command in '/root/deepracer_ws/aws-deepracer-launcher/build/ctrl_pkg' returned '0': AMENT_PREFIX_PATH=/root/deepracer_ws/aws-deepracer-launcher/install/servo_pkg:/root/deepracer_ws/aws-deepracer-launcher/install/model_optimizer_pkg:/root/deepracer_ws/aws-deepracer-launcher/install/inference_pkg:/root/deepracer_ws/aws-deepracer-launcher/install/deepracer_navigation_pkg:/root/deepracer_ws/aws-deepracer-launcher/install/camera_pkg:/root/deepracer_ws/aws-deepracer-launcher/install/deepracer_interfaces_pkg:${AMENT_PREFIX_PATH} CMAKE_PREFIX_PATH=/root/deepracer_ws/aws-deepracer-launcher/install/servo_pkg:/root/deepracer_ws/aws-deepracer-launcher/install/inference_pkg:/root/deepracer_ws/aws-deepracer-launcher/install/camera_pkg:/root/deepracer_ws/aws-deepracer-launcher/install/deepracer_interfaces_pkg:/opt/ros/foxy LD_LIBRARY_PATH=/root/deepracer_ws/aws-deepracer-launcher/install/deepracer_interfaces_pkg/lib:${LD_LIBRARY_PATH} PYTHONPATH=/root/deepracer_ws/aws-deepracer-launcher/install/model_optimizer_pkg/lib/python3.8/site-packages:/root/deepracer_ws/aws-deepracer-launcher/install/deepracer_navigation_pkg/lib/python3.8/site-packages:/root/deepracer_ws/aws-deepracer-launcher/install/deepracer_interfaces_pkg/lib/python3.8/site-packages:${PYTHONPATH} /usr/bin/cmake --build /root/deepracer_ws/aws-deepracer-launcher/build/ctrl_pkg -- -j2 -l2
[74.205s] Invoking command in '/root/deepracer_ws/aws-deepracer-launcher/build/ctrl_pkg': AMENT_PREFIX_PATH=/root/deepracer_ws/aws-deepracer-launcher/install/servo_pkg:/root/deepracer_ws/aws-deepracer-launcher/install/model_optimizer_pkg:/root/deepracer_ws/aws-deepracer-launcher/install/inference_pkg:/root/deepracer_ws/aws-deepracer-launcher/install/deepracer_navigation_pkg:/root/deepracer_ws/aws-deepracer-launcher/install/camera_pkg:/root/deepracer_ws/aws-deepracer-launcher/install/deepracer_interfaces_pkg:${AMENT_PREFIX_PATH} CMAKE_PREFIX_PATH=/root/deepracer_ws/aws-deepracer-launcher/install/servo_pkg:/root/deepracer_ws/aws-deepracer-launcher/install/inference_pkg:/root/deepracer_ws/aws-deepracer-launcher/install/camera_pkg:/root/deepracer_ws/aws-deepracer-launcher/install/deepracer_interfaces_pkg:/opt/ros/foxy LD_LIBRARY_PATH=/root/deepracer_ws/aws-deepracer-launcher/install/deepracer_interfaces_pkg/lib:${LD_LIBRARY_PATH} PYTHONPATH=/root/deepracer_ws/aws-deepracer-launcher/install/model_optimizer_pkg/lib/python3.8/site-packages:/root/deepracer_ws/aws-deepracer-launcher/install/deepracer_navigation_pkg/lib/python3.8/site-packages:/root/deepracer_ws/aws-deepracer-launcher/install/deepracer_interfaces_pkg/lib/python3.8/site-packages:${PYTHONPATH} /usr/bin/cmake --install /root/deepracer_ws/aws-deepracer-launcher/build/ctrl_pkg
[74.237s] -- Install configuration: ""
[74.240s] -- Installing: /root/deepracer_ws/aws-deepracer-launcher/install/ctrl_pkg/lib/ctrl_pkg/ctrl_node
[74.477s] -- Set runtime path of "/root/deepracer_ws/aws-deepracer-launcher/install/ctrl_pkg/lib/ctrl_pkg/ctrl_node" to ""
[74.478s] -- Installing: /root/deepracer_ws/aws-deepracer-launcher/install/ctrl_pkg/include
[74.479s] -- Installing: /root/deepracer_ws/aws-deepracer-launcher/install/ctrl_pkg/include/ctrl_pkg
[74.480s] -- Installing: /root/deepracer_ws/aws-deepracer-launcher/install/ctrl_pkg/include/ctrl_pkg/ctrl_state.hpp
[74.481s] -- Installing: /root/deepracer_ws/aws-deepracer-launcher/install/ctrl_pkg/include/ctrl_pkg/ctrl_state_base.hpp
[74.482s] -- Installing: /root/deepracer_ws/aws-deepracer-launcher/install/ctrl_pkg/share/ctrl_pkg//launch
[74.483s] -- Installing: /root/deepracer_ws/aws-deepracer-launcher/install/ctrl_pkg/share/ctrl_pkg//launch/ctrl_pkg_launch.py
[74.484s] -- Installing: /root/deepracer_ws/aws-deepracer-launcher/install/ctrl_pkg/share/ament_index/resource_index/package_run_dependencies/ctrl_pkg
[74.485s] -- Installing: /root/deepracer_ws/aws-deepracer-launcher/install/ctrl_pkg/share/ament_index/resource_index/parent_prefix_path/ctrl_pkg
[74.486s] -- Installing: /root/deepracer_ws/aws-deepracer-launcher/install/ctrl_pkg/share/ctrl_pkg/environment/ament_prefix_path.sh
[74.487s] -- Installing: /root/deepracer_ws/aws-deepracer-launcher/install/ctrl_pkg/share/ctrl_pkg/environment/ament_prefix_path.dsv
[74.488s] -- Installing: /root/deepracer_ws/aws-deepracer-launcher/install/ctrl_pkg/share/ctrl_pkg/environment/path.sh
[74.488s] -- Installing: /root/deepracer_ws/aws-deepracer-launcher/install/ctrl_pkg/share/ctrl_pkg/environment/path.dsv
[74.489s] -- Installing: /root/deepracer_ws/aws-deepracer-launcher/install/ctrl_pkg/share/ctrl_pkg/local_setup.bash
[74.489s] -- Installing: /root/deepracer_ws/aws-deepracer-launcher/install/ctrl_pkg/share/ctrl_pkg/local_setup.sh
[74.489s] -- Installing: /root/deepracer_ws/aws-deepracer-launcher/install/ctrl_pkg/share/ctrl_pkg/local_setup.zsh
[74.490s] -- Installing: /root/deepracer_ws/aws-deepracer-launcher/install/ctrl_pkg/share/ctrl_pkg/local_setup.dsv
[74.490s] -- Installing: /root/deepracer_ws/aws-deepracer-launcher/install/ctrl_pkg/share/ctrl_pkg/package.dsv
[74.490s] -- Installing: /root/deepracer_ws/aws-deepracer-launcher/install/ctrl_pkg/share/ament_index/resource_index/packages/ctrl_pkg
[74.491s] -- Installing: /root/deepracer_ws/aws-deepracer-launcher/install/ctrl_pkg/share/ctrl_pkg/cmake/ament_cmake_export_include_directories-extras.cmake
[74.491s] -- Installing: /root/deepracer_ws/aws-deepracer-launcher/install/ctrl_pkg/share/ctrl_pkg/cmake/ament_cmake_export_dependencies-extras.cmake
[74.491s] -- Installing: /root/deepracer_ws/aws-deepracer-launcher/install/ctrl_pkg/share/ctrl_pkg/cmake/ctrl_pkgConfig.cmake
[74.492s] -- Installing: /root/deepracer_ws/aws-deepracer-launcher/install/ctrl_pkg/share/ctrl_pkg/cmake/ctrl_pkgConfig-version.cmake
[74.493s] -- Installing: /root/deepracer_ws/aws-deepracer-launcher/install/ctrl_pkg/share/ctrl_pkg/package.xml
[74.498s] Invoked command in '/root/deepracer_ws/aws-deepracer-launcher/build/ctrl_pkg' returned '0': AMENT_PREFIX_PATH=/root/deepracer_ws/aws-deepracer-launcher/install/servo_pkg:/root/deepracer_ws/aws-deepracer-launcher/install/model_optimizer_pkg:/root/deepracer_ws/aws-deepracer-launcher/install/inference_pkg:/root/deepracer_ws/aws-deepracer-launcher/install/deepracer_navigation_pkg:/root/deepracer_ws/aws-deepracer-launcher/install/camera_pkg:/root/deepracer_ws/aws-deepracer-launcher/install/deepracer_interfaces_pkg:${AMENT_PREFIX_PATH} CMAKE_PREFIX_PATH=/root/deepracer_ws/aws-deepracer-launcher/install/servo_pkg:/root/deepracer_ws/aws-deepracer-launcher/install/inference_pkg:/root/deepracer_ws/aws-deepracer-launcher/install/camera_pkg:/root/deepracer_ws/aws-deepracer-launcher/install/deepracer_interfaces_pkg:/opt/ros/foxy LD_LIBRARY_PATH=/root/deepracer_ws/aws-deepracer-launcher/install/deepracer_interfaces_pkg/lib:${LD_LIBRARY_PATH} PYTHONPATH=/root/deepracer_ws/aws-deepracer-launcher/install/model_optimizer_pkg/lib/python3.8/site-packages:/root/deepracer_ws/aws-deepracer-launcher/install/deepracer_navigation_pkg/lib/python3.8/site-packages:/root/deepracer_ws/aws-deepracer-launcher/install/deepracer_interfaces_pkg/lib/python3.8/site-packages:${PYTHONPATH} /usr/bin/cmake --install /root/deepracer_ws/aws-deepracer-launcher/build/ctrl_pkg
