[2.473s] Invoking command in '/root/deepracer_ws/aws-deepracer-launcher/aws-deepracer-device-info-pkg/device_info_pkg': AMENT_PREFIX_PATH=/root/deepracer_ws/aws-deepracer-launcher/install/deepracer_interfaces_pkg:${AMENT_PREFIX_PATH} CMAKE_PREFIX_PATH=/root/deepracer_ws/aws-deepracer-launcher/install/deepracer_interfaces_pkg LD_LIBRARY_PATH=/root/deepracer_ws/aws-deepracer-launcher/install/deepracer_interfaces_pkg/lib:${LD_LIBRARY_PATH} PYTHONPATH=/root/deepracer_ws/aws-deepracer-launcher/build/device_info_pkg/prefix_override:/root/deepracer_ws/aws-deepracer-launcher/install/device_info_pkg/lib/python3.8/site-packages:/root/deepracer_ws/aws-deepracer-launcher/install/deepracer_interfaces_pkg/lib/python3.8/site-packages:${PYTHONPATH} /usr/bin/python3 -W ignore:setup.py install is deprecated setup.py egg_info --egg-base ../../build/device_info_pkg build --build-base /root/deepracer_ws/aws-deepracer-launcher/build/device_info_pkg/build install --record /root/deepracer_ws/aws-deepracer-launcher/build/device_info_pkg/install.log --install-scripts $base/lib/device_info_pkg --single-version-externally-managed install_data
[3.344s] running egg_info
[3.347s] creating ../../build/device_info_pkg/device_info_pkg.egg-info
[3.348s] writing ../../build/device_info_pkg/device_info_pkg.egg-info/PKG-INFO
[3.350s] writing dependency_links to ../../build/device_info_pkg/device_info_pkg.egg-info/dependency_links.txt
[3.352s] writing entry points to ../../build/device_info_pkg/device_info_pkg.egg-info/entry_points.txt
[3.353s] writing requirements to ../../build/device_info_pkg/device_info_pkg.egg-info/requires.txt
[3.355s] writing top-level names to ../../build/device_info_pkg/device_info_pkg.egg-info/top_level.txt
[3.360s] writing manifest file '../../build/device_info_pkg/device_info_pkg.egg-info/SOURCES.txt'
[3.483s] reading manifest file '../../build/device_info_pkg/device_info_pkg.egg-info/SOURCES.txt'
[3.487s] writing manifest file '../../build/device_info_pkg/device_info_pkg.egg-info/SOURCES.txt'
[3.488s] running build
[3.489s] running build_py
[3.491s] creating /root/deepracer_ws/aws-deepracer-launcher/build/device_info_pkg/build
[3.492s] creating /root/deepracer_ws/aws-deepracer-launcher/build/device_info_pkg/build/lib
[3.493s] creating /root/deepracer_ws/aws-deepracer-launcher/build/device_info_pkg/build/lib/device_info_pkg
[3.494s] copying device_info_pkg/__init__.py -> /root/deepracer_ws/aws-deepracer-launcher/build/device_info_pkg/build/lib/device_info_pkg
[3.496s] copying device_info_pkg/constants.py -> /root/deepracer_ws/aws-deepracer-launcher/build/device_info_pkg/build/lib/device_info_pkg
[3.497s] copying device_info_pkg/device_info_node.py -> /root/deepracer_ws/aws-deepracer-launcher/build/device_info_pkg/build/lib/device_info_pkg
[3.499s] copying device_info_pkg/gpio_module.py -> /root/deepracer_ws/aws-deepracer-launcher/build/device_info_pkg/build/lib/device_info_pkg
[3.501s] running install
[3.504s] running install_lib
[3.509s] creating /root/deepracer_ws/aws-deepracer-launcher/install/device_info_pkg/lib/python3.8/site-packages/device_info_pkg
[3.510s] copying /root/deepracer_ws/aws-deepracer-launcher/build/device_info_pkg/build/lib/device_info_pkg/__init__.py -> /root/deepracer_ws/aws-deepracer-launcher/install/device_info_pkg/lib/python3.8/site-packages/device_info_pkg
[3.511s] copying /root/deepracer_ws/aws-deepracer-launcher/build/device_info_pkg/build/lib/device_info_pkg/constants.py -> /root/deepracer_ws/aws-deepracer-launcher/install/device_info_pkg/lib/python3.8/site-packages/device_info_pkg
[3.513s] copying /root/deepracer_ws/aws-deepracer-launcher/build/device_info_pkg/build/lib/device_info_pkg/device_info_node.py -> /root/deepracer_ws/aws-deepracer-launcher/install/device_info_pkg/lib/python3.8/site-packages/device_info_pkg
[3.514s] copying /root/deepracer_ws/aws-deepracer-launcher/build/device_info_pkg/build/lib/device_info_pkg/gpio_module.py -> /root/deepracer_ws/aws-deepracer-launcher/install/device_info_pkg/lib/python3.8/site-packages/device_info_pkg
[3.517s] byte-compiling /root/deepracer_ws/aws-deepracer-launcher/install/device_info_pkg/lib/python3.8/site-packages/device_info_pkg/__init__.py to __init__.cpython-38.pyc
[3.523s] byte-compiling /root/deepracer_ws/aws-deepracer-launcher/install/device_info_pkg/lib/python3.8/site-packages/device_info_pkg/constants.py to constants.cpython-38.pyc
[3.525s] byte-compiling /root/deepracer_ws/aws-deepracer-launcher/install/device_info_pkg/lib/python3.8/site-packages/device_info_pkg/device_info_node.py to device_info_node.cpython-38.pyc
[3.529s] byte-compiling /root/deepracer_ws/aws-deepracer-launcher/install/device_info_pkg/lib/python3.8/site-packages/device_info_pkg/gpio_module.py to gpio_module.cpython-38.pyc
[3.532s] running install_data
[3.534s] creating /root/deepracer_ws/aws-deepracer-launcher/install/device_info_pkg/share/ament_index
[3.535s] creating /root/deepracer_ws/aws-deepracer-launcher/install/device_info_pkg/share/ament_index/resource_index
[3.536s] creating /root/deepracer_ws/aws-deepracer-launcher/install/device_info_pkg/share/ament_index/resource_index/packages
[3.537s] copying resource/device_info_pkg -> /root/deepracer_ws/aws-deepracer-launcher/install/device_info_pkg/share/ament_index/resource_index/packages
[3.538s] copying package.xml -> /root/deepracer_ws/aws-deepracer-launcher/install/device_info_pkg/share/device_info_pkg
[3.540s] copying launch/device_info_pkg_launch.py -> /root/deepracer_ws/aws-deepracer-launcher/install/device_info_pkg/share/device_info_pkg
[3.541s] running install_egg_info
[3.548s] Copying ../../build/device_info_pkg/device_info_pkg.egg-info to /root/deepracer_ws/aws-deepracer-launcher/install/device_info_pkg/lib/python3.8/site-packages/device_info_pkg-0.0.1-py3.8.egg-info
[3.552s] running install_scripts
[3.614s] Installing device_info_node script to /root/deepracer_ws/aws-deepracer-launcher/install/device_info_pkg/lib/device_info_pkg
[3.616s] writing list of installed files to '/root/deepracer_ws/aws-deepracer-launcher/build/device_info_pkg/install.log'
[3.792s] Invoked command in '/root/deepracer_ws/aws-deepracer-launcher/aws-deepracer-device-info-pkg/device_info_pkg' returned '0': AMENT_PREFIX_PATH=/root/deepracer_ws/aws-deepracer-launcher/install/deepracer_interfaces_pkg:${AMENT_PREFIX_PATH} CMAKE_PREFIX_PATH=/root/deepracer_ws/aws-deepracer-launcher/install/deepracer_interfaces_pkg LD_LIBRARY_PATH=/root/deepracer_ws/aws-deepracer-launcher/install/deepracer_interfaces_pkg/lib:${LD_LIBRARY_PATH} PYTHONPATH=/root/deepracer_ws/aws-deepracer-launcher/build/device_info_pkg/prefix_override:/root/deepracer_ws/aws-deepracer-launcher/install/device_info_pkg/lib/python3.8/site-packages:/root/deepracer_ws/aws-deepracer-launcher/install/deepracer_interfaces_pkg/lib/python3.8/site-packages:${PYTHONPATH} /usr/bin/python3 -W ignore:setup.py install is deprecated setup.py egg_info --egg-base ../../build/device_info_pkg build --build-base /root/deepracer_ws/aws-deepracer-launcher/build/device_info_pkg/build install --record /root/deepracer_ws/aws-deepracer-launcher/build/device_info_pkg/install.log --install-scripts $base/lib/device_info_pkg --single-version-externally-managed install_data
