[2.761s] Invoking command in '/root/deepracer_ws/aws-deepracer-launcher/aws-deepracer-webserver-pkg/webserver_pkg': AMENT_PREFIX_PATH=/root/deepracer_ws/aws-deepracer-launcher/install/deepracer_systems_pkg:/root/deepracer_ws/aws-deepracer-launcher/install/ctrl_pkg:/root/deepracer_ws/aws-deepracer-launcher/install/usb_monitor_pkg:/root/deepracer_ws/aws-deepracer-launcher/install/status_led_pkg:/root/deepracer_ws/aws-deepracer-launcher/install/servo_pkg:/root/deepracer_ws/aws-deepracer-launcher/install/sensor_fusion_pkg:/root/deepracer_ws/aws-deepracer-launcher/install/model_optimizer_pkg:/root/deepracer_ws/aws-deepracer-launcher/install/inference_pkg:/root/deepracer_ws/aws-deepracer-launcher/install/i2c_pkg:/root/deepracer_ws/aws-deepracer-launcher/install/device_info_pkg:/root/deepracer_ws/aws-deepracer-launcher/install/deepracer_navigation_pkg:/root/deepracer_ws/aws-deepracer-launcher/install/camera_pkg:/root/deepracer_ws/aws-deepracer-launcher/install/deepracer_interfaces_pkg:${AMENT_PREFIX_PATH} CMAKE_PREFIX_PATH=/root/deepracer_ws/aws-deepracer-launcher/install/ctrl_pkg:/root/deepracer_ws/aws-deepracer-launcher/install/servo_pkg:/root/deepracer_ws/aws-deepracer-launcher/install/sensor_fusion_pkg:/root/deepracer_ws/aws-deepracer-launcher/install/inference_pkg:/root/deepracer_ws/aws-deepracer-launcher/install/i2c_pkg:/root/deepracer_ws/aws-deepracer-launcher/install/camera_pkg:/root/deepracer_ws/aws-deepracer-launcher/install/deepracer_interfaces_pkg LD_LIBRARY_PATH=/root/deepracer_ws/aws-deepracer-launcher/install/deepracer_interfaces_pkg/lib:${LD_LIBRARY_PATH} PYTHONPATH=/root/deepracer_ws/aws-deepracer-launcher/build/webserver_pkg/prefix_override:/root/deepracer_ws/aws-deepracer-launcher/install/webserver_pkg/lib/python3.8/site-packages:/root/deepracer_ws/aws-deepracer-launcher/install/deepracer_systems_pkg/lib/python3.8/site-packages:/root/deepracer_ws/aws-deepracer-launcher/install/usb_monitor_pkg/lib/python3.8/site-packages:/root/deepracer_ws/aws-deepracer-launcher/install/status_led_pkg/lib/python3.8/site-packages:/root/deepracer_ws/aws-deepracer-launcher/install/model_optimizer_pkg/lib/python3.8/site-packages:/root/deepracer_ws/aws-deepracer-launcher/install/device_info_pkg/lib/python3.8/site-packages:/root/deepracer_ws/aws-deepracer-launcher/install/deepracer_navigation_pkg/lib/python3.8/site-packages:/root/deepracer_ws/aws-deepracer-launcher/install/deepracer_interfaces_pkg/lib/python3.8/site-packages:${PYTHONPATH} /usr/bin/python3 -W ignore:setup.py install is deprecated setup.py egg_info --egg-base ../../build/webserver_pkg build --build-base /root/deepracer_ws/aws-deepracer-launcher/build/webserver_pkg/build install --record /root/deepracer_ws/aws-deepracer-launcher/build/webserver_pkg/install.log --install-scripts $base/lib/webserver_pkg --single-version-externally-managed install_data
[3.649s] running egg_info
[3.651s] creating ../../build/webserver_pkg/webserver_pkg.egg-info
[3.652s] writing ../../build/webserver_pkg/webserver_pkg.egg-info/PKG-INFO
[3.653s] writing dependency_links to ../../build/webserver_pkg/webserver_pkg.egg-info/dependency_links.txt
[3.653s] writing entry points to ../../build/webserver_pkg/webserver_pkg.egg-info/entry_points.txt
[3.654s] writing requirements to ../../build/webserver_pkg/webserver_pkg.egg-info/requires.txt
[3.654s] writing top-level names to ../../build/webserver_pkg/webserver_pkg.egg-info/top_level.txt
[3.659s] writing manifest file '../../build/webserver_pkg/webserver_pkg.egg-info/SOURCES.txt'
[3.781s] reading manifest file '../../build/webserver_pkg/webserver_pkg.egg-info/SOURCES.txt'
[3.784s] writing manifest file '../../build/webserver_pkg/webserver_pkg.egg-info/SOURCES.txt'
[3.785s] running build
[3.785s] running build_py
[3.786s] creating /root/deepracer_ws/aws-deepracer-launcher/build/webserver_pkg/build
[3.786s] creating /root/deepracer_ws/aws-deepracer-launcher/build/webserver_pkg/build/lib
[3.786s] creating /root/deepracer_ws/aws-deepracer-launcher/build/webserver_pkg/build/lib/webserver_pkg
[3.787s] copying webserver_pkg/__init__.py -> /root/deepracer_ws/aws-deepracer-launcher/build/webserver_pkg/build/lib/webserver_pkg
[3.787s] copying webserver_pkg/calibration.py -> /root/deepracer_ws/aws-deepracer-launcher/build/webserver_pkg/build/lib/webserver_pkg
[3.788s] copying webserver_pkg/constants.py -> /root/deepracer_ws/aws-deepracer-launcher/build/webserver_pkg/build/lib/webserver_pkg
[3.788s] copying webserver_pkg/device_info_api.py -> /root/deepracer_ws/aws-deepracer-launcher/build/webserver_pkg/build/lib/webserver_pkg
[3.789s] copying webserver_pkg/led_api.py -> /root/deepracer_ws/aws-deepracer-launcher/build/webserver_pkg/build/lib/webserver_pkg
[3.789s] copying webserver_pkg/login.py -> /root/deepracer_ws/aws-deepracer-launcher/build/webserver_pkg/build/lib/webserver_pkg
[3.789s] copying webserver_pkg/models.py -> /root/deepracer_ws/aws-deepracer-launcher/build/webserver_pkg/build/lib/webserver_pkg
[3.790s] copying webserver_pkg/software_update.py -> /root/deepracer_ws/aws-deepracer-launcher/build/webserver_pkg/build/lib/webserver_pkg
[3.790s] copying webserver_pkg/ssh_api.py -> /root/deepracer_ws/aws-deepracer-launcher/build/webserver_pkg/build/lib/webserver_pkg
[3.791s] copying webserver_pkg/utility.py -> /root/deepracer_ws/aws-deepracer-launcher/build/webserver_pkg/build/lib/webserver_pkg
[3.791s] copying webserver_pkg/vehicle_control.py -> /root/deepracer_ws/aws-deepracer-launcher/build/webserver_pkg/build/lib/webserver_pkg
[3.792s] copying webserver_pkg/vehicle_logs.py -> /root/deepracer_ws/aws-deepracer-launcher/build/webserver_pkg/build/lib/webserver_pkg
[3.792s] copying webserver_pkg/webserver.py -> /root/deepracer_ws/aws-deepracer-launcher/build/webserver_pkg/build/lib/webserver_pkg
[3.793s] copying webserver_pkg/webserver_publisher_node.py -> /root/deepracer_ws/aws-deepracer-launcher/build/webserver_pkg/build/lib/webserver_pkg
[3.793s] copying webserver_pkg/wifi_settings.py -> /root/deepracer_ws/aws-deepracer-launcher/build/webserver_pkg/build/lib/webserver_pkg
[3.795s] running install
[3.798s] running install_lib
[3.802s] creating /root/deepracer_ws/aws-deepracer-launcher/install/webserver_pkg/lib/python3.8/site-packages/webserver_pkg
[3.802s] copying /root/deepracer_ws/aws-deepracer-launcher/build/webserver_pkg/build/lib/webserver_pkg/__init__.py -> /root/deepracer_ws/aws-deepracer-launcher/install/webserver_pkg/lib/python3.8/site-packages/webserver_pkg
[3.803s] copying /root/deepracer_ws/aws-deepracer-launcher/build/webserver_pkg/build/lib/webserver_pkg/calibration.py -> /root/deepracer_ws/aws-deepracer-launcher/install/webserver_pkg/lib/python3.8/site-packages/webserver_pkg
[3.803s] copying /root/deepracer_ws/aws-deepracer-launcher/build/webserver_pkg/build/lib/webserver_pkg/constants.py -> /root/deepracer_ws/aws-deepracer-launcher/install/webserver_pkg/lib/python3.8/site-packages/webserver_pkg
[3.804s] copying /root/deepracer_ws/aws-deepracer-launcher/build/webserver_pkg/build/lib/webserver_pkg/device_info_api.py -> /root/deepracer_ws/aws-deepracer-launcher/install/webserver_pkg/lib/python3.8/site-packages/webserver_pkg
[3.804s] copying /root/deepracer_ws/aws-deepracer-launcher/build/webserver_pkg/build/lib/webserver_pkg/led_api.py -> /root/deepracer_ws/aws-deepracer-launcher/install/webserver_pkg/lib/python3.8/site-packages/webserver_pkg
[3.805s] copying /root/deepracer_ws/aws-deepracer-launcher/build/webserver_pkg/build/lib/webserver_pkg/login.py -> /root/deepracer_ws/aws-deepracer-launcher/install/webserver_pkg/lib/python3.8/site-packages/webserver_pkg
[3.805s] copying /root/deepracer_ws/aws-deepracer-launcher/build/webserver_pkg/build/lib/webserver_pkg/models.py -> /root/deepracer_ws/aws-deepracer-launcher/install/webserver_pkg/lib/python3.8/site-packages/webserver_pkg
[3.805s] copying /root/deepracer_ws/aws-deepracer-launcher/build/webserver_pkg/build/lib/webserver_pkg/software_update.py -> /root/deepracer_ws/aws-deepracer-launcher/install/webserver_pkg/lib/python3.8/site-packages/webserver_pkg
[3.806s] copying /root/deepracer_ws/aws-deepracer-launcher/build/webserver_pkg/build/lib/webserver_pkg/ssh_api.py -> /root/deepracer_ws/aws-deepracer-launcher/install/webserver_pkg/lib/python3.8/site-packages/webserver_pkg
[3.806s] copying /root/deepracer_ws/aws-deepracer-launcher/build/webserver_pkg/build/lib/webserver_pkg/utility.py -> /root/deepracer_ws/aws-deepracer-launcher/install/webserver_pkg/lib/python3.8/site-packages/webserver_pkg
[3.807s] copying /root/deepracer_ws/aws-deepracer-launcher/build/webserver_pkg/build/lib/webserver_pkg/vehicle_control.py -> /root/deepracer_ws/aws-deepracer-launcher/install/webserver_pkg/lib/python3.8/site-packages/webserver_pkg
[3.807s] copying /root/deepracer_ws/aws-deepracer-launcher/build/webserver_pkg/build/lib/webserver_pkg/vehicle_logs.py -> /root/deepracer_ws/aws-deepracer-launcher/install/webserver_pkg/lib/python3.8/site-packages/webserver_pkg
[3.807s] copying /root/deepracer_ws/aws-deepracer-launcher/build/webserver_pkg/build/lib/webserver_pkg/webserver.py -> /root/deepracer_ws/aws-deepracer-launcher/install/webserver_pkg/lib/python3.8/site-packages/webserver_pkg
[3.808s] copying /root/deepracer_ws/aws-deepracer-launcher/build/webserver_pkg/build/lib/webserver_pkg/webserver_publisher_node.py -> /root/deepracer_ws/aws-deepracer-launcher/install/webserver_pkg/lib/python3.8/site-packages/webserver_pkg
[3.808s] copying /root/deepracer_ws/aws-deepracer-launcher/build/webserver_pkg/build/lib/webserver_pkg/wifi_settings.py -> /root/deepracer_ws/aws-deepracer-launcher/install/webserver_pkg/lib/python3.8/site-packages/webserver_pkg
[3.810s] byte-compiling /root/deepracer_ws/aws-deepracer-launcher/install/webserver_pkg/lib/python3.8/site-packages/webserver_pkg/__init__.py to __init__.cpython-38.pyc
[3.815s] byte-compiling /root/deepracer_ws/aws-deepracer-launcher/install/webserver_pkg/lib/python3.8/site-packages/webserver_pkg/calibration.py to calibration.cpython-38.pyc
[3.818s] byte-compiling /root/deepracer_ws/aws-deepracer-launcher/install/webserver_pkg/lib/python3.8/site-packages/webserver_pkg/constants.py to constants.cpython-38.pyc
[3.822s] byte-compiling /root/deepracer_ws/aws-deepracer-launcher/install/webserver_pkg/lib/python3.8/site-packages/webserver_pkg/device_info_api.py to device_info_api.cpython-38.pyc
[3.825s] byte-compiling /root/deepracer_ws/aws-deepracer-launcher/install/webserver_pkg/lib/python3.8/site-packages/webserver_pkg/led_api.py to led_api.cpython-38.pyc
[3.827s] byte-compiling /root/deepracer_ws/aws-deepracer-launcher/install/webserver_pkg/lib/python3.8/site-packages/webserver_pkg/login.py to login.cpython-38.pyc
[3.830s] byte-compiling /root/deepracer_ws/aws-deepracer-launcher/install/webserver_pkg/lib/python3.8/site-packages/webserver_pkg/models.py to models.cpython-38.pyc
[3.841s] byte-compiling /root/deepracer_ws/aws-deepracer-launcher/install/webserver_pkg/lib/python3.8/site-packages/webserver_pkg/software_update.py to software_update.cpython-38.pyc
[3.844s] byte-compiling /root/deepracer_ws/aws-deepracer-launcher/install/webserver_pkg/lib/python3.8/site-packages/webserver_pkg/ssh_api.py to ssh_api.cpython-38.pyc
[3.847s] byte-compiling /root/deepracer_ws/aws-deepracer-launcher/install/webserver_pkg/lib/python3.8/site-packages/webserver_pkg/utility.py to utility.cpython-38.pyc
[3.850s] byte-compiling /root/deepracer_ws/aws-deepracer-launcher/install/webserver_pkg/lib/python3.8/site-packages/webserver_pkg/vehicle_control.py to vehicle_control.cpython-38.pyc
[3.854s] byte-compiling /root/deepracer_ws/aws-deepracer-launcher/install/webserver_pkg/lib/python3.8/site-packages/webserver_pkg/vehicle_logs.py to vehicle_logs.cpython-38.pyc
[3.856s] byte-compiling /root/deepracer_ws/aws-deepracer-launcher/install/webserver_pkg/lib/python3.8/site-packages/webserver_pkg/webserver.py to webserver.cpython-38.pyc
[3.857s] byte-compiling /root/deepracer_ws/aws-deepracer-launcher/install/webserver_pkg/lib/python3.8/site-packages/webserver_pkg/webserver_publisher_node.py to webserver_publisher_node.cpython-38.pyc
[3.862s] byte-compiling /root/deepracer_ws/aws-deepracer-launcher/install/webserver_pkg/lib/python3.8/site-packages/webserver_pkg/wifi_settings.py to wifi_settings.cpython-38.pyc
[3.866s] running install_data
[3.866s] creating /root/deepracer_ws/aws-deepracer-launcher/install/webserver_pkg/share/ament_index
[3.867s] creating /root/deepracer_ws/aws-deepracer-launcher/install/webserver_pkg/share/ament_index/resource_index
[3.867s] creating /root/deepracer_ws/aws-deepracer-launcher/install/webserver_pkg/share/ament_index/resource_index/packages
[3.867s] copying resource/webserver_pkg -> /root/deepracer_ws/aws-deepracer-launcher/install/webserver_pkg/share/ament_index/resource_index/packages
[3.868s] copying package.xml -> /root/deepracer_ws/aws-deepracer-launcher/install/webserver_pkg/share/webserver_pkg
[3.868s] copying launch/webserver_pkg_launch.py -> /root/deepracer_ws/aws-deepracer-launcher/install/webserver_pkg/share/webserver_pkg
[3.868s] running install_egg_info
[3.873s] Copying ../../build/webserver_pkg/webserver_pkg.egg-info to /root/deepracer_ws/aws-deepracer-launcher/install/webserver_pkg/lib/python3.8/site-packages/webserver_pkg-0.0.1-py3.8.egg-info
[3.876s] running install_scripts
[3.938s] Installing webserver_publisher_node script to /root/deepracer_ws/aws-deepracer-launcher/install/webserver_pkg/lib/webserver_pkg
[3.940s] writing list of installed files to '/root/deepracer_ws/aws-deepracer-launcher/build/webserver_pkg/install.log'
[4.027s] Invoked command in '/root/deepracer_ws/aws-deepracer-launcher/aws-deepracer-webserver-pkg/webserver_pkg' returned '0': AMENT_PREFIX_PATH=/root/deepracer_ws/aws-deepracer-launcher/install/deepracer_systems_pkg:/root/deepracer_ws/aws-deepracer-launcher/install/ctrl_pkg:/root/deepracer_ws/aws-deepracer-launcher/install/usb_monitor_pkg:/root/deepracer_ws/aws-deepracer-launcher/install/status_led_pkg:/root/deepracer_ws/aws-deepracer-launcher/install/servo_pkg:/root/deepracer_ws/aws-deepracer-launcher/install/sensor_fusion_pkg:/root/deepracer_ws/aws-deepracer-launcher/install/model_optimizer_pkg:/root/deepracer_ws/aws-deepracer-launcher/install/inference_pkg:/root/deepracer_ws/aws-deepracer-launcher/install/i2c_pkg:/root/deepracer_ws/aws-deepracer-launcher/install/device_info_pkg:/root/deepracer_ws/aws-deepracer-launcher/install/deepracer_navigation_pkg:/root/deepracer_ws/aws-deepracer-launcher/install/camera_pkg:/root/deepracer_ws/aws-deepracer-launcher/install/deepracer_interfaces_pkg:${AMENT_PREFIX_PATH} CMAKE_PREFIX_PATH=/root/deepracer_ws/aws-deepracer-launcher/install/ctrl_pkg:/root/deepracer_ws/aws-deepracer-launcher/install/servo_pkg:/root/deepracer_ws/aws-deepracer-launcher/install/sensor_fusion_pkg:/root/deepracer_ws/aws-deepracer-launcher/install/inference_pkg:/root/deepracer_ws/aws-deepracer-launcher/install/i2c_pkg:/root/deepracer_ws/aws-deepracer-launcher/install/camera_pkg:/root/deepracer_ws/aws-deepracer-launcher/install/deepracer_interfaces_pkg LD_LIBRARY_PATH=/root/deepracer_ws/aws-deepracer-launcher/install/deepracer_interfaces_pkg/lib:${LD_LIBRARY_PATH} PYTHONPATH=/root/deepracer_ws/aws-deepracer-launcher/build/webserver_pkg/prefix_override:/root/deepracer_ws/aws-deepracer-launcher/install/webserver_pkg/lib/python3.8/site-packages:/root/deepracer_ws/aws-deepracer-launcher/install/deepracer_systems_pkg/lib/python3.8/site-packages:/root/deepracer_ws/aws-deepracer-launcher/install/usb_monitor_pkg/lib/python3.8/site-packages:/root/deepracer_ws/aws-deepracer-launcher/install/status_led_pkg/lib/python3.8/site-packages:/root/deepracer_ws/aws-deepracer-launcher/install/model_optimizer_pkg/lib/python3.8/site-packages:/root/deepracer_ws/aws-deepracer-launcher/install/device_info_pkg/lib/python3.8/site-packages:/root/deepracer_ws/aws-deepracer-launcher/install/deepracer_navigation_pkg/lib/python3.8/site-packages:/root/deepracer_ws/aws-deepracer-launcher/install/deepracer_interfaces_pkg/lib/python3.8/site-packages:${PYTHONPATH} /usr/bin/python3 -W ignore:setup.py install is deprecated setup.py egg_info --egg-base ../../build/webserver_pkg build --build-base /root/deepracer_ws/aws-deepracer-launcher/build/webserver_pkg/build install --record /root/deepracer_ws/aws-deepracer-launcher/build/webserver_pkg/install.log --install-scripts $base/lib/webserver_pkg --single-version-externally-managed install_data
