[2.490s] Invoking command in '/root/deepracer_ws/aws-deepracer-launcher/aws-deepracer-model-optimizer-pkg/model_optimizer_pkg': AMENT_PREFIX_PATH=/root/deepracer_ws/aws-deepracer-launcher/install/deepracer_interfaces_pkg:${AMENT_PREFIX_PATH} CMAKE_PREFIX_PATH=/root/deepracer_ws/aws-deepracer-launcher/install/deepracer_interfaces_pkg LD_LIBRARY_PATH=/root/deepracer_ws/aws-deepracer-launcher/install/deepracer_interfaces_pkg/lib:${LD_LIBRARY_PATH} PYTHONPATH=/root/deepracer_ws/aws-deepracer-launcher/build/model_optimizer_pkg/prefix_override:/root/deepracer_ws/aws-deepracer-launcher/install/model_optimizer_pkg/lib/python3.8/site-packages:/root/deepracer_ws/aws-deepracer-launcher/install/deepracer_interfaces_pkg/lib/python3.8/site-packages:${PYTHONPATH} /usr/bin/python3 -W ignore:setup.py install is deprecated setup.py egg_info --egg-base ../../build/model_optimizer_pkg build --build-base /root/deepracer_ws/aws-deepracer-launcher/build/model_optimizer_pkg/build install --record /root/deepracer_ws/aws-deepracer-launcher/build/model_optimizer_pkg/install.log --install-scripts $base/lib/model_optimizer_pkg --single-version-externally-managed install_data
[3.379s] running egg_info
[3.382s] creating ../../build/model_optimizer_pkg/model_optimizer_pkg.egg-info
[3.383s] writing ../../build/model_optimizer_pkg/model_optimizer_pkg.egg-info/PKG-INFO
[3.385s] writing dependency_links to ../../build/model_optimizer_pkg/model_optimizer_pkg.egg-info/dependency_links.txt
[3.388s] writing entry points to ../../build/model_optimizer_pkg/model_optimizer_pkg.egg-info/entry_points.txt
[3.389s] writing requirements to ../../build/model_optimizer_pkg/model_optimizer_pkg.egg-info/requires.txt
[3.391s] writing top-level names to ../../build/model_optimizer_pkg/model_optimizer_pkg.egg-info/top_level.txt
[3.396s] writing manifest file '../../build/model_optimizer_pkg/model_optimizer_pkg.egg-info/SOURCES.txt'
[3.520s] reading manifest file '../../build/model_optimizer_pkg/model_optimizer_pkg.egg-info/SOURCES.txt'
[3.524s] writing manifest file '../../build/model_optimizer_pkg/model_optimizer_pkg.egg-info/SOURCES.txt'
[3.525s] running build
[3.526s] running build_py
[3.528s] creating /root/deepracer_ws/aws-deepracer-launcher/build/model_optimizer_pkg/build
[3.528s] creating /root/deepracer_ws/aws-deepracer-launcher/build/model_optimizer_pkg/build/lib
[3.529s] creating /root/deepracer_ws/aws-deepracer-launcher/build/model_optimizer_pkg/build/lib/model_optimizer_pkg
[3.531s] copying model_optimizer_pkg/__init__.py -> /root/deepracer_ws/aws-deepracer-launcher/build/model_optimizer_pkg/build/lib/model_optimizer_pkg
[3.532s] copying model_optimizer_pkg/constants.py -> /root/deepracer_ws/aws-deepracer-launcher/build/model_optimizer_pkg/build/lib/model_optimizer_pkg
[3.534s] copying model_optimizer_pkg/model_optimizer_node.py -> /root/deepracer_ws/aws-deepracer-launcher/build/model_optimizer_pkg/build/lib/model_optimizer_pkg
[3.536s] running install
[3.540s] running install_lib
[3.544s] creating /root/deepracer_ws/aws-deepracer-launcher/install/model_optimizer_pkg/lib/python3.8/site-packages/model_optimizer_pkg
[3.545s] copying /root/deepracer_ws/aws-deepracer-launcher/build/model_optimizer_pkg/build/lib/model_optimizer_pkg/__init__.py -> /root/deepracer_ws/aws-deepracer-launcher/install/model_optimizer_pkg/lib/python3.8/site-packages/model_optimizer_pkg
[3.547s] copying /root/deepracer_ws/aws-deepracer-launcher/build/model_optimizer_pkg/build/lib/model_optimizer_pkg/constants.py -> /root/deepracer_ws/aws-deepracer-launcher/install/model_optimizer_pkg/lib/python3.8/site-packages/model_optimizer_pkg
[3.548s] copying /root/deepracer_ws/aws-deepracer-launcher/build/model_optimizer_pkg/build/lib/model_optimizer_pkg/model_optimizer_node.py -> /root/deepracer_ws/aws-deepracer-launcher/install/model_optimizer_pkg/lib/python3.8/site-packages/model_optimizer_pkg
[3.551s] byte-compiling /root/deepracer_ws/aws-deepracer-launcher/install/model_optimizer_pkg/lib/python3.8/site-packages/model_optimizer_pkg/__init__.py to __init__.cpython-38.pyc
[3.557s] byte-compiling /root/deepracer_ws/aws-deepracer-launcher/install/model_optimizer_pkg/lib/python3.8/site-packages/model_optimizer_pkg/constants.py to constants.cpython-38.pyc
[3.561s] byte-compiling /root/deepracer_ws/aws-deepracer-launcher/install/model_optimizer_pkg/lib/python3.8/site-packages/model_optimizer_pkg/model_optimizer_node.py to model_optimizer_node.cpython-38.pyc
[3.566s] running install_data
[3.567s] creating /root/deepracer_ws/aws-deepracer-launcher/install/model_optimizer_pkg/share/ament_index
[3.568s] creating /root/deepracer_ws/aws-deepracer-launcher/install/model_optimizer_pkg/share/ament_index/resource_index
[3.569s] creating /root/deepracer_ws/aws-deepracer-launcher/install/model_optimizer_pkg/share/ament_index/resource_index/packages
[3.570s] copying resource/model_optimizer_pkg -> /root/deepracer_ws/aws-deepracer-launcher/install/model_optimizer_pkg/share/ament_index/resource_index/packages
[3.572s] copying package.xml -> /root/deepracer_ws/aws-deepracer-launcher/install/model_optimizer_pkg/share/model_optimizer_pkg
[3.574s] copying launch/model_optimizer_pkg_launch.py -> /root/deepracer_ws/aws-deepracer-launcher/install/model_optimizer_pkg/share/model_optimizer_pkg
[3.575s] running install_egg_info
[3.581s] Copying ../../build/model_optimizer_pkg/model_optimizer_pkg.egg-info to /root/deepracer_ws/aws-deepracer-launcher/install/model_optimizer_pkg/lib/python3.8/site-packages/model_optimizer_pkg-0.0.1-py3.8.egg-info
[3.585s] running install_scripts
[3.649s] Installing model_optimizer_node script to /root/deepracer_ws/aws-deepracer-launcher/install/model_optimizer_pkg/lib/model_optimizer_pkg
[3.651s] writing list of installed files to '/root/deepracer_ws/aws-deepracer-launcher/build/model_optimizer_pkg/install.log'
[3.734s] Invoked command in '/root/deepracer_ws/aws-deepracer-launcher/aws-deepracer-model-optimizer-pkg/model_optimizer_pkg' returned '0': AMENT_PREFIX_PATH=/root/deepracer_ws/aws-deepracer-launcher/install/deepracer_interfaces_pkg:${AMENT_PREFIX_PATH} CMAKE_PREFIX_PATH=/root/deepracer_ws/aws-deepracer-launcher/install/deepracer_interfaces_pkg LD_LIBRARY_PATH=/root/deepracer_ws/aws-deepracer-launcher/install/deepracer_interfaces_pkg/lib:${LD_LIBRARY_PATH} PYTHONPATH=/root/deepracer_ws/aws-deepracer-launcher/build/model_optimizer_pkg/prefix_override:/root/deepracer_ws/aws-deepracer-launcher/install/model_optimizer_pkg/lib/python3.8/site-packages:/root/deepracer_ws/aws-deepracer-launcher/install/deepracer_interfaces_pkg/lib/python3.8/site-packages:${PYTHONPATH} /usr/bin/python3 -W ignore:setup.py install is deprecated setup.py egg_info --egg-base ../../build/model_optimizer_pkg build --build-base /root/deepracer_ws/aws-deepracer-launcher/build/model_optimizer_pkg/build install --record /root/deepracer_ws/aws-deepracer-launcher/build/model_optimizer_pkg/install.log --install-scripts $base/lib/model_optimizer_pkg --single-version-externally-managed install_data
