[0.106s] Invoking command in '/root/deepracer_ws/aws-deepracer-launcher/build/async_web_server_cpp': /usr/bin/cmake /root/deepracer_ws/aws-deepracer-launcher/async_web_server_cpp -DCATKIN_INSTALL_INTO_PREFIX_ROOT=0 -DCMAKE_INSTALL_PREFIX=/root/deepracer_ws/aws-deepracer-launcher/install/async_web_server_cpp
[0.522s] -- The C compiler identification is GNU 9.3.0
[0.863s] -- The CXX compiler identification is GNU 9.3.0
[1.057s] -- Check for working C compiler: /usr/bin/cc
[1.285s] -- Check for working C compiler: /usr/bin/cc -- works
[1.436s] -- Detecting C compiler ABI info
[1.815s] -- Detecting C compiler ABI info - done
[1.860s] -- Detecting C compile features
[1.863s] -- Detecting C compile features - done
[1.875s] -- Check for working CXX compiler: /usr/bin/c++
[2.126s] -- Check for working CXX compiler: /usr/bin/c++ -- works
[2.131s] -- Detecting CXX compiler ABI info
[2.530s] -- Detecting CXX compiler ABI info - done
[2.606s] -- Detecting CXX compile features
[2.609s] -- Detecting CXX compile features - done
[2.777s] -- Found ament_cmake_ros: 0.9.1 (/opt/ros/foxy/share/ament_cmake_ros/cmake)
[3.046s] -- Found PythonInterp: /usr/bin/python3 (found suitable version "3.8.5", minimum required is "3") 
[3.046s] -- Using PYTHON_EXECUTABLE: /usr/bin/python3
[5.240s] -- Found Boost: /usr/lib/x86_64-linux-gnu/cmake/Boost-1.71.0/BoostConfig.cmake (found version "1.71.0") found components: thread system regex filesystem 
[5.443s] -- Found OpenSSL: /usr/lib/x86_64-linux-gnu/libcrypto.so (found version "1.1.1f")  
[5.800s] -- Configuring done
[5.830s] -- Generating done
[5.834s] CMake Warning:
[5.835s]   Manually-specified variables were not used by the project:
[5.835s] 
[5.835s]     CATKIN_INSTALL_INTO_PREFIX_ROOT
[5.836s] 
[5.836s] 
[5.838s] -- Build files have been written to: /root/deepracer_ws/aws-deepracer-launcher/build/async_web_server_cpp
[5.855s] Invoked command in '/root/deepracer_ws/aws-deepracer-launcher/build/async_web_server_cpp' returned '0': /usr/bin/cmake /root/deepracer_ws/aws-deepracer-launcher/async_web_server_cpp -DCATKIN_INSTALL_INTO_PREFIX_ROOT=0 -DCMAKE_INSTALL_PREFIX=/root/deepracer_ws/aws-deepracer-launcher/install/async_web_server_cpp
[5.864s] Invoking command in '/root/deepracer_ws/aws-deepracer-launcher/build/async_web_server_cpp': /usr/bin/cmake --build /root/deepracer_ws/aws-deepracer-launcher/build/async_web_server_cpp -- -j2 -l2
[5.981s] [35m[1mScanning dependencies of target async_web_server_cpp[0m
[6.037s] [  8%] [32mBuilding CXX object CMakeFiles/async_web_server_cpp.dir/src/http_server.cpp.o[0m
[6.047s] [ 16%] [32mBuilding CXX object CMakeFiles/async_web_server_cpp.dir/src/http_connection.cpp.o[0m
[29.766s] [ 25%] [32mBuilding CXX object CMakeFiles/async_web_server_cpp.dir/src/http_request_parser.cpp.o[0m
[29.986s] [ 33%] [32mBuilding CXX object CMakeFiles/async_web_server_cpp.dir/src/http_reply.cpp.o[0m
[37.094s] [ 41%] [32mBuilding CXX object CMakeFiles/async_web_server_cpp.dir/src/http_request_handler.cpp.o[0m
[49.191s] [01m[K/root/deepracer_ws/aws-deepracer-launcher/async_web_server_cpp/src/http_reply.cpp:[m[K In member function ‘[01m[Kbool async_web_server_cpp::FilesystemHttpRequestHandler::operator()(const async_web_server_cpp::HttpRequest&, boost::shared_ptr<async_web_server_cpp::HttpConnection>, const char*, const char*)[m[K’:
[49.191s] [01m[K/root/deepracer_ws/aws-deepracer-launcher/async_web_server_cpp/src/http_reply.cpp:355:1:[m[K [01;35m[Kwarning: [m[Kcontrol reaches end of non-void function [[01;35m[K-Wreturn-type[m[K]
[49.192s]   355 | [01;35m[K}[m[K
[49.192s]       | [01;35m[K^[m[K
[57.997s] [ 50%] [32mBuilding CXX object CMakeFiles/async_web_server_cpp.dir/src/websocket_connection.cpp.o[0m
[67.332s] [ 58%] [32mBuilding CXX object CMakeFiles/async_web_server_cpp.dir/src/websocket_request_handler.cpp.o[0m
[78.733s] [ 66%] [32mBuilding CXX object CMakeFiles/async_web_server_cpp.dir/src/websocket_message.cpp.o[0m
[84.727s] [ 75%] [32mBuilding CXX object CMakeFiles/async_web_server_cpp.dir/src/http_request.cpp.o[0m
[93.199s] [ 83%] [32m[1mLinking CXX shared library libasync_web_server_cpp.so[0m
[94.186s] [ 83%] Built target async_web_server_cpp
[94.216s] [35m[1mScanning dependencies of target test_web_server[0m
[94.257s] [ 91%] [32mBuilding CXX object test/CMakeFiles/test_web_server.dir/test_web_server.cpp.o[0m
[105.475s] [100%] [32m[1mLinking CXX executable test_web_server[0m
[106.103s] [100%] Built target test_web_server
[106.136s] Invoked command in '/root/deepracer_ws/aws-deepracer-launcher/build/async_web_server_cpp' returned '0': /usr/bin/cmake --build /root/deepracer_ws/aws-deepracer-launcher/build/async_web_server_cpp -- -j2 -l2
[106.401s] Invoking command in '/root/deepracer_ws/aws-deepracer-launcher/build/async_web_server_cpp': /usr/bin/cmake --install /root/deepracer_ws/aws-deepracer-launcher/build/async_web_server_cpp
[106.428s] -- Install configuration: ""
[106.429s] -- Installing: /root/deepracer_ws/aws-deepracer-launcher/install/async_web_server_cpp/share/async_web_server_cpp/environment/library_path.sh
[106.429s] -- Installing: /root/deepracer_ws/aws-deepracer-launcher/install/async_web_server_cpp/share/async_web_server_cpp/environment/library_path.dsv
[106.430s] -- Installing: /root/deepracer_ws/aws-deepracer-launcher/install/async_web_server_cpp/share/ament_index/resource_index/package_run_dependencies/async_web_server_cpp
[106.431s] -- Installing: /root/deepracer_ws/aws-deepracer-launcher/install/async_web_server_cpp/share/ament_index/resource_index/parent_prefix_path/async_web_server_cpp
[106.431s] -- Installing: /root/deepracer_ws/aws-deepracer-launcher/install/async_web_server_cpp/share/async_web_server_cpp/environment/ament_prefix_path.sh
[106.432s] -- Installing: /root/deepracer_ws/aws-deepracer-launcher/install/async_web_server_cpp/share/async_web_server_cpp/environment/ament_prefix_path.dsv
[106.432s] -- Installing: /root/deepracer_ws/aws-deepracer-launcher/install/async_web_server_cpp/share/async_web_server_cpp/environment/path.sh
[106.433s] -- Installing: /root/deepracer_ws/aws-deepracer-launcher/install/async_web_server_cpp/share/async_web_server_cpp/environment/path.dsv
[106.434s] -- Installing: /root/deepracer_ws/aws-deepracer-launcher/install/async_web_server_cpp/share/async_web_server_cpp/local_setup.bash
[106.435s] -- Installing: /root/deepracer_ws/aws-deepracer-launcher/install/async_web_server_cpp/share/async_web_server_cpp/local_setup.sh
[106.436s] -- Installing: /root/deepracer_ws/aws-deepracer-launcher/install/async_web_server_cpp/share/async_web_server_cpp/local_setup.zsh
[106.438s] -- Installing: /root/deepracer_ws/aws-deepracer-launcher/install/async_web_server_cpp/share/async_web_server_cpp/local_setup.dsv
[106.439s] -- Installing: /root/deepracer_ws/aws-deepracer-launcher/install/async_web_server_cpp/share/async_web_server_cpp/package.dsv
[106.440s] -- Installing: /root/deepracer_ws/aws-deepracer-launcher/install/async_web_server_cpp/share/ament_index/resource_index/packages/async_web_server_cpp
[106.440s] -- Installing: /root/deepracer_ws/aws-deepracer-launcher/install/async_web_server_cpp/share/async_web_server_cpp/cmake/ament_cmake_export_dependencies-extras.cmake
[106.440s] -- Installing: /root/deepracer_ws/aws-deepracer-launcher/install/async_web_server_cpp/share/async_web_server_cpp/cmake/ament_cmake_export_include_directories-extras.cmake
[106.441s] -- Installing: /root/deepracer_ws/aws-deepracer-launcher/install/async_web_server_cpp/share/async_web_server_cpp/cmake/ament_cmake_export_libraries-extras.cmake
[106.441s] -- Installing: /root/deepracer_ws/aws-deepracer-launcher/install/async_web_server_cpp/share/async_web_server_cpp/cmake/async_web_server_cppConfig.cmake
[106.448s] -- Installing: /root/deepracer_ws/aws-deepracer-launcher/install/async_web_server_cpp/share/async_web_server_cpp/cmake/async_web_server_cppConfig-version.cmake
[106.449s] -- Installing: /root/deepracer_ws/aws-deepracer-launcher/install/async_web_server_cpp/share/async_web_server_cpp/package.xml
[106.449s] -- Installing: /root/deepracer_ws/aws-deepracer-launcher/install/async_web_server_cpp/lib/libasync_web_server_cpp.so
[106.617s] -- Installing: /root/deepracer_ws/aws-deepracer-launcher/install/async_web_server_cpp/include/async_web_server_cpp
[106.618s] -- Installing: /root/deepracer_ws/aws-deepracer-launcher/install/async_web_server_cpp/include/async_web_server_cpp/http_header.hpp
[106.618s] -- Installing: /root/deepracer_ws/aws-deepracer-launcher/install/async_web_server_cpp/include/async_web_server_cpp/http_request.hpp
[106.618s] -- Installing: /root/deepracer_ws/aws-deepracer-launcher/install/async_web_server_cpp/include/async_web_server_cpp/http_request_handler.hpp
[106.619s] -- Installing: /root/deepracer_ws/aws-deepracer-launcher/install/async_web_server_cpp/include/async_web_server_cpp/http_request_parser.hpp
[106.619s] -- Installing: /root/deepracer_ws/aws-deepracer-launcher/install/async_web_server_cpp/include/async_web_server_cpp/http_server.hpp
[106.619s] -- Installing: /root/deepracer_ws/aws-deepracer-launcher/install/async_web_server_cpp/include/async_web_server_cpp/websocket_connection.hpp
[106.620s] -- Installing: /root/deepracer_ws/aws-deepracer-launcher/install/async_web_server_cpp/include/async_web_server_cpp/websocket_message.hpp
[106.620s] -- Installing: /root/deepracer_ws/aws-deepracer-launcher/install/async_web_server_cpp/include/async_web_server_cpp/websocket_request_handler.hpp
[106.624s] -- Installing: /root/deepracer_ws/aws-deepracer-launcher/install/async_web_server_cpp/include/async_web_server_cpp/http_connection.hpp
[106.631s] -- Installing: /root/deepracer_ws/aws-deepracer-launcher/install/async_web_server_cpp/include/async_web_server_cpp/http_reply.hpp
[106.633s] Invoked command in '/root/deepracer_ws/aws-deepracer-launcher/build/async_web_server_cpp' returned '0': /usr/bin/cmake --install /root/deepracer_ws/aws-deepracer-launcher/build/async_web_server_cpp
