[2.531s] Invoking command in '/root/deepracer_ws/aws-deepracer-launcher/aws-deepracer-systems-pkg/deepracer_systems_pkg': AMENT_PREFIX_PATH=/root/deepracer_ws/aws-deepracer-launcher/install/usb_monitor_pkg:/root/deepracer_ws/aws-deepracer-launcher/install/status_led_pkg:/root/deepracer_ws/aws-deepracer-launcher/install/deepracer_interfaces_pkg:${AMENT_PREFIX_PATH} CMAKE_PREFIX_PATH=/root/deepracer_ws/aws-deepracer-launcher/install/deepracer_interfaces_pkg LD_LIBRARY_PATH=/root/deepracer_ws/aws-deepracer-launcher/install/deepracer_interfaces_pkg/lib:${LD_LIBRARY_PATH} PYTHONPATH=/root/deepracer_ws/aws-deepracer-launcher/build/deepracer_systems_pkg/prefix_override:/root/deepracer_ws/aws-deepracer-launcher/install/deepracer_systems_pkg/lib/python3.8/site-packages:/root/deepracer_ws/aws-deepracer-launcher/install/usb_monitor_pkg/lib/python3.8/site-packages:/root/deepracer_ws/aws-deepracer-launcher/install/status_led_pkg/lib/python3.8/site-packages:/root/deepracer_ws/aws-deepracer-launcher/install/deepracer_interfaces_pkg/lib/python3.8/site-packages:${PYTHONPATH} /usr/bin/python3 -W ignore:setup.py install is deprecated setup.py egg_info --egg-base ../../build/deepracer_systems_pkg build --build-base /root/deepracer_ws/aws-deepracer-launcher/build/deepracer_systems_pkg/build install --record /root/deepracer_ws/aws-deepracer-launcher/build/deepracer_systems_pkg/install.log --install-scripts $base/lib/deepracer_systems_pkg --single-version-externally-managed install_data
[3.423s] running egg_info
[3.426s] creating ../../build/deepracer_systems_pkg/deepracer_systems_pkg.egg-info
[3.428s] writing ../../build/deepracer_systems_pkg/deepracer_systems_pkg.egg-info/PKG-INFO
[3.430s] writing dependency_links to ../../build/deepracer_systems_pkg/deepracer_systems_pkg.egg-info/dependency_links.txt
[3.431s] writing entry points to ../../build/deepracer_systems_pkg/deepracer_systems_pkg.egg-info/entry_points.txt
[3.433s] writing requirements to ../../build/deepracer_systems_pkg/deepracer_systems_pkg.egg-info/requires.txt
[3.434s] writing top-level names to ../../build/deepracer_systems_pkg/deepracer_systems_pkg.egg-info/top_level.txt
[3.439s] writing manifest file '../../build/deepracer_systems_pkg/deepracer_systems_pkg.egg-info/SOURCES.txt'
[3.566s] reading manifest file '../../build/deepracer_systems_pkg/deepracer_systems_pkg.egg-info/SOURCES.txt'
[3.571s] writing manifest file '../../build/deepracer_systems_pkg/deepracer_systems_pkg.egg-info/SOURCES.txt'
[3.572s] running build
[3.573s] running build_py
[3.574s] creating /root/deepracer_ws/aws-deepracer-launcher/build/deepracer_systems_pkg/build
[3.575s] creating /root/deepracer_ws/aws-deepracer-launcher/build/deepracer_systems_pkg/build/lib
[3.575s] creating /root/deepracer_ws/aws-deepracer-launcher/build/deepracer_systems_pkg/build/lib/deepracer_systems_pkg
[3.576s] copying deepracer_systems_pkg/__init__.py -> /root/deepracer_ws/aws-deepracer-launcher/build/deepracer_systems_pkg/build/lib/deepracer_systems_pkg
[3.578s] copying deepracer_systems_pkg/constants.py -> /root/deepracer_ws/aws-deepracer-launcher/build/deepracer_systems_pkg/build/lib/deepracer_systems_pkg
[3.579s] copying deepracer_systems_pkg/file_system_utils.py -> /root/deepracer_ws/aws-deepracer-launcher/build/deepracer_systems_pkg/build/lib/deepracer_systems_pkg
[3.580s] copying deepracer_systems_pkg/scheduler.py -> /root/deepracer_ws/aws-deepracer-launcher/build/deepracer_systems_pkg/build/lib/deepracer_systems_pkg
[3.582s] copying deepracer_systems_pkg/utility.py -> /root/deepracer_ws/aws-deepracer-launcher/build/deepracer_systems_pkg/build/lib/deepracer_systems_pkg
[3.584s] creating /root/deepracer_ws/aws-deepracer-launcher/build/deepracer_systems_pkg/build/lib/deepracer_systems_pkg/software_update_module
[3.584s] copying deepracer_systems_pkg/software_update_module/__init__.py -> /root/deepracer_ws/aws-deepracer-launcher/build/deepracer_systems_pkg/build/lib/deepracer_systems_pkg/software_update_module
[3.586s] copying deepracer_systems_pkg/software_update_module/cache_open_progress.py -> /root/deepracer_ws/aws-deepracer-launcher/build/deepracer_systems_pkg/build/lib/deepracer_systems_pkg/software_update_module
[3.587s] copying deepracer_systems_pkg/software_update_module/cache_update_progress.py -> /root/deepracer_ws/aws-deepracer-launcher/build/deepracer_systems_pkg/build/lib/deepracer_systems_pkg/software_update_module
[3.589s] copying deepracer_systems_pkg/software_update_module/fetch_progress.py -> /root/deepracer_ws/aws-deepracer-launcher/build/deepracer_systems_pkg/build/lib/deepracer_systems_pkg/software_update_module
[3.590s] copying deepracer_systems_pkg/software_update_module/install_progress.py -> /root/deepracer_ws/aws-deepracer-launcher/build/deepracer_systems_pkg/build/lib/deepracer_systems_pkg/software_update_module
[3.591s] copying deepracer_systems_pkg/software_update_module/software_update_config.py -> /root/deepracer_ws/aws-deepracer-launcher/build/deepracer_systems_pkg/build/lib/deepracer_systems_pkg/software_update_module
[3.593s] copying deepracer_systems_pkg/software_update_module/software_update_node.py -> /root/deepracer_ws/aws-deepracer-launcher/build/deepracer_systems_pkg/build/lib/deepracer_systems_pkg/software_update_module
[3.594s] copying deepracer_systems_pkg/software_update_module/software_update_utils.py -> /root/deepracer_ws/aws-deepracer-launcher/build/deepracer_systems_pkg/build/lib/deepracer_systems_pkg/software_update_module
[3.596s] creating /root/deepracer_ws/aws-deepracer-launcher/build/deepracer_systems_pkg/build/lib/deepracer_systems_pkg/model_loader_module
[3.597s] copying deepracer_systems_pkg/model_loader_module/__init__.py -> /root/deepracer_ws/aws-deepracer-launcher/build/deepracer_systems_pkg/build/lib/deepracer_systems_pkg/model_loader_module
[3.598s] copying deepracer_systems_pkg/model_loader_module/model_install_state.py -> /root/deepracer_ws/aws-deepracer-launcher/build/deepracer_systems_pkg/build/lib/deepracer_systems_pkg/model_loader_module
[3.600s] copying deepracer_systems_pkg/model_loader_module/model_loader_config.py -> /root/deepracer_ws/aws-deepracer-launcher/build/deepracer_systems_pkg/build/lib/deepracer_systems_pkg/model_loader_module
[3.601s] copying deepracer_systems_pkg/model_loader_module/model_loader_node.py -> /root/deepracer_ws/aws-deepracer-launcher/build/deepracer_systems_pkg/build/lib/deepracer_systems_pkg/model_loader_module
[3.602s] copying deepracer_systems_pkg/model_loader_module/model_metadata_file_utils.py -> /root/deepracer_ws/aws-deepracer-launcher/build/deepracer_systems_pkg/build/lib/deepracer_systems_pkg/model_loader_module
[3.604s] creating /root/deepracer_ws/aws-deepracer-launcher/build/deepracer_systems_pkg/build/lib/deepracer_systems_pkg/otg_module
[3.605s] copying deepracer_systems_pkg/otg_module/__init__.py -> /root/deepracer_ws/aws-deepracer-launcher/build/deepracer_systems_pkg/build/lib/deepracer_systems_pkg/otg_module
[3.606s] copying deepracer_systems_pkg/otg_module/otg_config.py -> /root/deepracer_ws/aws-deepracer-launcher/build/deepracer_systems_pkg/build/lib/deepracer_systems_pkg/otg_module
[3.607s] copying deepracer_systems_pkg/otg_module/otg_control_node.py -> /root/deepracer_ws/aws-deepracer-launcher/build/deepracer_systems_pkg/build/lib/deepracer_systems_pkg/otg_module
[3.609s] creating /root/deepracer_ws/aws-deepracer-launcher/build/deepracer_systems_pkg/build/lib/deepracer_systems_pkg/network_monitor_module
[3.610s] copying deepracer_systems_pkg/network_monitor_module/__init__.py -> /root/deepracer_ws/aws-deepracer-launcher/build/deepracer_systems_pkg/build/lib/deepracer_systems_pkg/network_monitor_module
[3.612s] copying deepracer_systems_pkg/network_monitor_module/network_config.py -> /root/deepracer_ws/aws-deepracer-launcher/build/deepracer_systems_pkg/build/lib/deepracer_systems_pkg/network_monitor_module
[3.613s] copying deepracer_systems_pkg/network_monitor_module/network_monitor_node.py -> /root/deepracer_ws/aws-deepracer-launcher/build/deepracer_systems_pkg/build/lib/deepracer_systems_pkg/network_monitor_module
[3.614s] copying deepracer_systems_pkg/network_monitor_module/network_utils.py -> /root/deepracer_ws/aws-deepracer-launcher/build/deepracer_systems_pkg/build/lib/deepracer_systems_pkg/network_monitor_module
[3.616s] copying deepracer_systems_pkg/network_monitor_module/wifi_config_utils.py -> /root/deepracer_ws/aws-deepracer-launcher/build/deepracer_systems_pkg/build/lib/deepracer_systems_pkg/network_monitor_module
[3.618s] creating /root/deepracer_ws/aws-deepracer-launcher/build/deepracer_systems_pkg/build/lib/deepracer_systems_pkg/deepracer_systems_scripts_module
[3.619s] copying deepracer_systems_pkg/deepracer_systems_scripts_module/__init__.py -> /root/deepracer_ws/aws-deepracer-launcher/build/deepracer_systems_pkg/build/lib/deepracer_systems_pkg/deepracer_systems_scripts_module
[3.621s] copying deepracer_systems_pkg/deepracer_systems_scripts_module/deepracer_systems_scripts_node.py -> /root/deepracer_ws/aws-deepracer-launcher/build/deepracer_systems_pkg/build/lib/deepracer_systems_pkg/deepracer_systems_scripts_module
[3.624s] running install
[3.628s] running install_lib
[3.632s] creating /root/deepracer_ws/aws-deepracer-launcher/install/deepracer_systems_pkg/lib/python3.8/site-packages/deepracer_systems_pkg
[3.633s] copying /root/deepracer_ws/aws-deepracer-launcher/build/deepracer_systems_pkg/build/lib/deepracer_systems_pkg/__init__.py -> /root/deepracer_ws/aws-deepracer-launcher/install/deepracer_systems_pkg/lib/python3.8/site-packages/deepracer_systems_pkg
[3.635s] copying /root/deepracer_ws/aws-deepracer-launcher/build/deepracer_systems_pkg/build/lib/deepracer_systems_pkg/constants.py -> /root/deepracer_ws/aws-deepracer-launcher/install/deepracer_systems_pkg/lib/python3.8/site-packages/deepracer_systems_pkg
[3.636s] copying /root/deepracer_ws/aws-deepracer-launcher/build/deepracer_systems_pkg/build/lib/deepracer_systems_pkg/file_system_utils.py -> /root/deepracer_ws/aws-deepracer-launcher/install/deepracer_systems_pkg/lib/python3.8/site-packages/deepracer_systems_pkg
[3.637s] copying /root/deepracer_ws/aws-deepracer-launcher/build/deepracer_systems_pkg/build/lib/deepracer_systems_pkg/scheduler.py -> /root/deepracer_ws/aws-deepracer-launcher/install/deepracer_systems_pkg/lib/python3.8/site-packages/deepracer_systems_pkg
[3.639s] copying /root/deepracer_ws/aws-deepracer-launcher/build/deepracer_systems_pkg/build/lib/deepracer_systems_pkg/utility.py -> /root/deepracer_ws/aws-deepracer-launcher/install/deepracer_systems_pkg/lib/python3.8/site-packages/deepracer_systems_pkg
[3.640s] creating /root/deepracer_ws/aws-deepracer-launcher/install/deepracer_systems_pkg/lib/python3.8/site-packages/deepracer_systems_pkg/software_update_module
[3.641s] copying /root/deepracer_ws/aws-deepracer-launcher/build/deepracer_systems_pkg/build/lib/deepracer_systems_pkg/software_update_module/__init__.py -> /root/deepracer_ws/aws-deepracer-launcher/install/deepracer_systems_pkg/lib/python3.8/site-packages/deepracer_systems_pkg/software_update_module
[3.642s] copying /root/deepracer_ws/aws-deepracer-launcher/build/deepracer_systems_pkg/build/lib/deepracer_systems_pkg/software_update_module/cache_open_progress.py -> /root/deepracer_ws/aws-deepracer-launcher/install/deepracer_systems_pkg/lib/python3.8/site-packages/deepracer_systems_pkg/software_update_module
[3.644s] copying /root/deepracer_ws/aws-deepracer-launcher/build/deepracer_systems_pkg/build/lib/deepracer_systems_pkg/software_update_module/cache_update_progress.py -> /root/deepracer_ws/aws-deepracer-launcher/install/deepracer_systems_pkg/lib/python3.8/site-packages/deepracer_systems_pkg/software_update_module
[3.645s] copying /root/deepracer_ws/aws-deepracer-launcher/build/deepracer_systems_pkg/build/lib/deepracer_systems_pkg/software_update_module/fetch_progress.py -> /root/deepracer_ws/aws-deepracer-launcher/install/deepracer_systems_pkg/lib/python3.8/site-packages/deepracer_systems_pkg/software_update_module
[3.647s] copying /root/deepracer_ws/aws-deepracer-launcher/build/deepracer_systems_pkg/build/lib/deepracer_systems_pkg/software_update_module/install_progress.py -> /root/deepracer_ws/aws-deepracer-launcher/install/deepracer_systems_pkg/lib/python3.8/site-packages/deepracer_systems_pkg/software_update_module
[3.648s] copying /root/deepracer_ws/aws-deepracer-launcher/build/deepracer_systems_pkg/build/lib/deepracer_systems_pkg/software_update_module/software_update_config.py -> /root/deepracer_ws/aws-deepracer-launcher/install/deepracer_systems_pkg/lib/python3.8/site-packages/deepracer_systems_pkg/software_update_module
[3.649s] copying /root/deepracer_ws/aws-deepracer-launcher/build/deepracer_systems_pkg/build/lib/deepracer_systems_pkg/software_update_module/software_update_node.py -> /root/deepracer_ws/aws-deepracer-launcher/install/deepracer_systems_pkg/lib/python3.8/site-packages/deepracer_systems_pkg/software_update_module
[3.651s] copying /root/deepracer_ws/aws-deepracer-launcher/build/deepracer_systems_pkg/build/lib/deepracer_systems_pkg/software_update_module/software_update_utils.py -> /root/deepracer_ws/aws-deepracer-launcher/install/deepracer_systems_pkg/lib/python3.8/site-packages/deepracer_systems_pkg/software_update_module
[3.652s] creating /root/deepracer_ws/aws-deepracer-launcher/install/deepracer_systems_pkg/lib/python3.8/site-packages/deepracer_systems_pkg/model_loader_module
[3.653s] copying /root/deepracer_ws/aws-deepracer-launcher/build/deepracer_systems_pkg/build/lib/deepracer_systems_pkg/model_loader_module/__init__.py -> /root/deepracer_ws/aws-deepracer-launcher/install/deepracer_systems_pkg/lib/python3.8/site-packages/deepracer_systems_pkg/model_loader_module
[3.654s] copying /root/deepracer_ws/aws-deepracer-launcher/build/deepracer_systems_pkg/build/lib/deepracer_systems_pkg/model_loader_module/model_install_state.py -> /root/deepracer_ws/aws-deepracer-launcher/install/deepracer_systems_pkg/lib/python3.8/site-packages/deepracer_systems_pkg/model_loader_module
[3.656s] copying /root/deepracer_ws/aws-deepracer-launcher/build/deepracer_systems_pkg/build/lib/deepracer_systems_pkg/model_loader_module/model_loader_config.py -> /root/deepracer_ws/aws-deepracer-launcher/install/deepracer_systems_pkg/lib/python3.8/site-packages/deepracer_systems_pkg/model_loader_module
[3.657s] copying /root/deepracer_ws/aws-deepracer-launcher/build/deepracer_systems_pkg/build/lib/deepracer_systems_pkg/model_loader_module/model_loader_node.py -> /root/deepracer_ws/aws-deepracer-launcher/install/deepracer_systems_pkg/lib/python3.8/site-packages/deepracer_systems_pkg/model_loader_module
[3.658s] copying /root/deepracer_ws/aws-deepracer-launcher/build/deepracer_systems_pkg/build/lib/deepracer_systems_pkg/model_loader_module/model_metadata_file_utils.py -> /root/deepracer_ws/aws-deepracer-launcher/install/deepracer_systems_pkg/lib/python3.8/site-packages/deepracer_systems_pkg/model_loader_module
[3.660s] creating /root/deepracer_ws/aws-deepracer-launcher/install/deepracer_systems_pkg/lib/python3.8/site-packages/deepracer_systems_pkg/otg_module
[3.661s] copying /root/deepracer_ws/aws-deepracer-launcher/build/deepracer_systems_pkg/build/lib/deepracer_systems_pkg/otg_module/__init__.py -> /root/deepracer_ws/aws-deepracer-launcher/install/deepracer_systems_pkg/lib/python3.8/site-packages/deepracer_systems_pkg/otg_module
[3.662s] copying /root/deepracer_ws/aws-deepracer-launcher/build/deepracer_systems_pkg/build/lib/deepracer_systems_pkg/otg_module/otg_config.py -> /root/deepracer_ws/aws-deepracer-launcher/install/deepracer_systems_pkg/lib/python3.8/site-packages/deepracer_systems_pkg/otg_module
[3.663s] copying /root/deepracer_ws/aws-deepracer-launcher/build/deepracer_systems_pkg/build/lib/deepracer_systems_pkg/otg_module/otg_control_node.py -> /root/deepracer_ws/aws-deepracer-launcher/install/deepracer_systems_pkg/lib/python3.8/site-packages/deepracer_systems_pkg/otg_module
[3.665s] creating /root/deepracer_ws/aws-deepracer-launcher/install/deepracer_systems_pkg/lib/python3.8/site-packages/deepracer_systems_pkg/network_monitor_module
[3.666s] copying /root/deepracer_ws/aws-deepracer-launcher/build/deepracer_systems_pkg/build/lib/deepracer_systems_pkg/network_monitor_module/__init__.py -> /root/deepracer_ws/aws-deepracer-launcher/install/deepracer_systems_pkg/lib/python3.8/site-packages/deepracer_systems_pkg/network_monitor_module
[3.667s] copying /root/deepracer_ws/aws-deepracer-launcher/build/deepracer_systems_pkg/build/lib/deepracer_systems_pkg/network_monitor_module/network_config.py -> /root/deepracer_ws/aws-deepracer-launcher/install/deepracer_systems_pkg/lib/python3.8/site-packages/deepracer_systems_pkg/network_monitor_module
[3.669s] copying /root/deepracer_ws/aws-deepracer-launcher/build/deepracer_systems_pkg/build/lib/deepracer_systems_pkg/network_monitor_module/network_monitor_node.py -> /root/deepracer_ws/aws-deepracer-launcher/install/deepracer_systems_pkg/lib/python3.8/site-packages/deepracer_systems_pkg/network_monitor_module
[3.670s] copying /root/deepracer_ws/aws-deepracer-launcher/build/deepracer_systems_pkg/build/lib/deepracer_systems_pkg/network_monitor_module/network_utils.py -> /root/deepracer_ws/aws-deepracer-launcher/install/deepracer_systems_pkg/lib/python3.8/site-packages/deepracer_systems_pkg/network_monitor_module
[3.672s] copying /root/deepracer_ws/aws-deepracer-launcher/build/deepracer_systems_pkg/build/lib/deepracer_systems_pkg/network_monitor_module/wifi_config_utils.py -> /root/deepracer_ws/aws-deepracer-launcher/install/deepracer_systems_pkg/lib/python3.8/site-packages/deepracer_systems_pkg/network_monitor_module
[3.674s] creating /root/deepracer_ws/aws-deepracer-launcher/install/deepracer_systems_pkg/lib/python3.8/site-packages/deepracer_systems_pkg/deepracer_systems_scripts_module
[3.675s] copying /root/deepracer_ws/aws-deepracer-launcher/build/deepracer_systems_pkg/build/lib/deepracer_systems_pkg/deepracer_systems_scripts_module/__init__.py -> /root/deepracer_ws/aws-deepracer-launcher/install/deepracer_systems_pkg/lib/python3.8/site-packages/deepracer_systems_pkg/deepracer_systems_scripts_module
[3.676s] copying /root/deepracer_ws/aws-deepracer-launcher/build/deepracer_systems_pkg/build/lib/deepracer_systems_pkg/deepracer_systems_scripts_module/deepracer_systems_scripts_node.py -> /root/deepracer_ws/aws-deepracer-launcher/install/deepracer_systems_pkg/lib/python3.8/site-packages/deepracer_systems_pkg/deepracer_systems_scripts_module
[3.679s] byte-compiling /root/deepracer_ws/aws-deepracer-launcher/install/deepracer_systems_pkg/lib/python3.8/site-packages/deepracer_systems_pkg/__init__.py to __init__.cpython-38.pyc
[3.685s] byte-compiling /root/deepracer_ws/aws-deepracer-launcher/install/deepracer_systems_pkg/lib/python3.8/site-packages/deepracer_systems_pkg/constants.py to constants.cpython-38.pyc
[3.687s] byte-compiling /root/deepracer_ws/aws-deepracer-launcher/install/deepracer_systems_pkg/lib/python3.8/site-packages/deepracer_systems_pkg/file_system_utils.py to file_system_utils.cpython-38.pyc
[3.690s] byte-compiling /root/deepracer_ws/aws-deepracer-launcher/install/deepracer_systems_pkg/lib/python3.8/site-packages/deepracer_systems_pkg/scheduler.py to scheduler.cpython-38.pyc
[3.693s] byte-compiling /root/deepracer_ws/aws-deepracer-launcher/install/deepracer_systems_pkg/lib/python3.8/site-packages/deepracer_systems_pkg/utility.py to utility.cpython-38.pyc
[3.696s] byte-compiling /root/deepracer_ws/aws-deepracer-launcher/install/deepracer_systems_pkg/lib/python3.8/site-packages/deepracer_systems_pkg/software_update_module/__init__.py to __init__.cpython-38.pyc
[3.697s] byte-compiling /root/deepracer_ws/aws-deepracer-launcher/install/deepracer_systems_pkg/lib/python3.8/site-packages/deepracer_systems_pkg/software_update_module/cache_open_progress.py to cache_open_progress.cpython-38.pyc
[3.699s] byte-compiling /root/deepracer_ws/aws-deepracer-launcher/install/deepracer_systems_pkg/lib/python3.8/site-packages/deepracer_systems_pkg/software_update_module/cache_update_progress.py to cache_update_progress.cpython-38.pyc
[3.702s] byte-compiling /root/deepracer_ws/aws-deepracer-launcher/install/deepracer_systems_pkg/lib/python3.8/site-packages/deepracer_systems_pkg/software_update_module/fetch_progress.py to fetch_progress.cpython-38.pyc
[3.705s] byte-compiling /root/deepracer_ws/aws-deepracer-launcher/install/deepracer_systems_pkg/lib/python3.8/site-packages/deepracer_systems_pkg/software_update_module/install_progress.py to install_progress.cpython-38.pyc
[3.707s] byte-compiling /root/deepracer_ws/aws-deepracer-launcher/install/deepracer_systems_pkg/lib/python3.8/site-packages/deepracer_systems_pkg/software_update_module/software_update_config.py to software_update_config.cpython-38.pyc
[3.710s] byte-compiling /root/deepracer_ws/aws-deepracer-launcher/install/deepracer_systems_pkg/lib/python3.8/site-packages/deepracer_systems_pkg/software_update_module/software_update_node.py to software_update_node.cpython-38.pyc
[3.722s] byte-compiling /root/deepracer_ws/aws-deepracer-launcher/install/deepracer_systems_pkg/lib/python3.8/site-packages/deepracer_systems_pkg/software_update_module/software_update_utils.py to software_update_utils.cpython-38.pyc
[3.725s] byte-compiling /root/deepracer_ws/aws-deepracer-launcher/install/deepracer_systems_pkg/lib/python3.8/site-packages/deepracer_systems_pkg/model_loader_module/__init__.py to __init__.cpython-38.pyc
[3.727s] byte-compiling /root/deepracer_ws/aws-deepracer-launcher/install/deepracer_systems_pkg/lib/python3.8/site-packages/deepracer_systems_pkg/model_loader_module/model_install_state.py to model_install_state.cpython-38.pyc
[3.731s] byte-compiling /root/deepracer_ws/aws-deepracer-launcher/install/deepracer_systems_pkg/lib/python3.8/site-packages/deepracer_systems_pkg/model_loader_module/model_loader_config.py to model_loader_config.cpython-38.pyc
[3.733s] byte-compiling /root/deepracer_ws/aws-deepracer-launcher/install/deepracer_systems_pkg/lib/python3.8/site-packages/deepracer_systems_pkg/model_loader_module/model_loader_node.py to model_loader_node.cpython-38.pyc
[3.742s] byte-compiling /root/deepracer_ws/aws-deepracer-launcher/install/deepracer_systems_pkg/lib/python3.8/site-packages/deepracer_systems_pkg/model_loader_module/model_metadata_file_utils.py to model_metadata_file_utils.cpython-38.pyc
[3.745s] byte-compiling /root/deepracer_ws/aws-deepracer-launcher/install/deepracer_systems_pkg/lib/python3.8/site-packages/deepracer_systems_pkg/otg_module/__init__.py to __init__.cpython-38.pyc
[3.747s] byte-compiling /root/deepracer_ws/aws-deepracer-launcher/install/deepracer_systems_pkg/lib/python3.8/site-packages/deepracer_systems_pkg/otg_module/otg_config.py to otg_config.cpython-38.pyc
[3.749s] byte-compiling /root/deepracer_ws/aws-deepracer-launcher/install/deepracer_systems_pkg/lib/python3.8/site-packages/deepracer_systems_pkg/otg_module/otg_control_node.py to otg_control_node.cpython-38.pyc
[3.753s] byte-compiling /root/deepracer_ws/aws-deepracer-launcher/install/deepracer_systems_pkg/lib/python3.8/site-packages/deepracer_systems_pkg/network_monitor_module/__init__.py to __init__.cpython-38.pyc
[3.755s] byte-compiling /root/deepracer_ws/aws-deepracer-launcher/install/deepracer_systems_pkg/lib/python3.8/site-packages/deepracer_systems_pkg/network_monitor_module/network_config.py to network_config.cpython-38.pyc
[3.757s] byte-compiling /root/deepracer_ws/aws-deepracer-launcher/install/deepracer_systems_pkg/lib/python3.8/site-packages/deepracer_systems_pkg/network_monitor_module/network_monitor_node.py to network_monitor_node.cpython-38.pyc
[3.764s] byte-compiling /root/deepracer_ws/aws-deepracer-launcher/install/deepracer_systems_pkg/lib/python3.8/site-packages/deepracer_systems_pkg/network_monitor_module/network_utils.py to network_utils.cpython-38.pyc
[3.767s] byte-compiling /root/deepracer_ws/aws-deepracer-launcher/install/deepracer_systems_pkg/lib/python3.8/site-packages/deepracer_systems_pkg/network_monitor_module/wifi_config_utils.py to wifi_config_utils.cpython-38.pyc
[3.771s] byte-compiling /root/deepracer_ws/aws-deepracer-launcher/install/deepracer_systems_pkg/lib/python3.8/site-packages/deepracer_systems_pkg/deepracer_systems_scripts_module/__init__.py to __init__.cpython-38.pyc
[3.774s] byte-compiling /root/deepracer_ws/aws-deepracer-launcher/install/deepracer_systems_pkg/lib/python3.8/site-packages/deepracer_systems_pkg/deepracer_systems_scripts_module/deepracer_systems_scripts_node.py to deepracer_systems_scripts_node.cpython-38.pyc
[3.777s] running install_data
[3.779s] creating /root/deepracer_ws/aws-deepracer-launcher/install/deepracer_systems_pkg/share/ament_index
[3.779s] creating /root/deepracer_ws/aws-deepracer-launcher/install/deepracer_systems_pkg/share/ament_index/resource_index
[3.780s] creating /root/deepracer_ws/aws-deepracer-launcher/install/deepracer_systems_pkg/share/ament_index/resource_index/packages
[3.781s] copying resource/deepracer_systems_pkg -> /root/deepracer_ws/aws-deepracer-launcher/install/deepracer_systems_pkg/share/ament_index/resource_index/packages
[3.782s] copying package.xml -> /root/deepracer_ws/aws-deepracer-launcher/install/deepracer_systems_pkg/share/deepracer_systems_pkg
[3.784s] copying launch/deepracer_systems_pkg_launch.py -> /root/deepracer_ws/aws-deepracer-launcher/install/deepracer_systems_pkg/share/deepracer_systems_pkg
[3.785s] running install_egg_info
[3.791s] Copying ../../build/deepracer_systems_pkg/deepracer_systems_pkg.egg-info to /root/deepracer_ws/aws-deepracer-launcher/install/deepracer_systems_pkg/lib/python3.8/site-packages/deepracer_systems_pkg-0.0.1-py3.8.egg-info
[3.795s] running install_scripts
[3.858s] Installing deepracer_systems_scripts_node script to /root/deepracer_ws/aws-deepracer-launcher/install/deepracer_systems_pkg/lib/deepracer_systems_pkg
[3.859s] Installing model_loader_node script to /root/deepracer_ws/aws-deepracer-launcher/install/deepracer_systems_pkg/lib/deepracer_systems_pkg
[3.860s] Installing network_monitor_node script to /root/deepracer_ws/aws-deepracer-launcher/install/deepracer_systems_pkg/lib/deepracer_systems_pkg
[3.862s] Installing otg_control_node script to /root/deepracer_ws/aws-deepracer-launcher/install/deepracer_systems_pkg/lib/deepracer_systems_pkg
[3.863s] Installing software_update_node script to /root/deepracer_ws/aws-deepracer-launcher/install/deepracer_systems_pkg/lib/deepracer_systems_pkg
[3.868s] writing list of installed files to '/root/deepracer_ws/aws-deepracer-launcher/build/deepracer_systems_pkg/install.log'
[3.950s] Invoked command in '/root/deepracer_ws/aws-deepracer-launcher/aws-deepracer-systems-pkg/deepracer_systems_pkg' returned '0': AMENT_PREFIX_PATH=/root/deepracer_ws/aws-deepracer-launcher/install/usb_monitor_pkg:/root/deepracer_ws/aws-deepracer-launcher/install/status_led_pkg:/root/deepracer_ws/aws-deepracer-launcher/install/deepracer_interfaces_pkg:${AMENT_PREFIX_PATH} CMAKE_PREFIX_PATH=/root/deepracer_ws/aws-deepracer-launcher/install/deepracer_interfaces_pkg LD_LIBRARY_PATH=/root/deepracer_ws/aws-deepracer-launcher/install/deepracer_interfaces_pkg/lib:${LD_LIBRARY_PATH} PYTHONPATH=/root/deepracer_ws/aws-deepracer-launcher/build/deepracer_systems_pkg/prefix_override:/root/deepracer_ws/aws-deepracer-launcher/install/deepracer_systems_pkg/lib/python3.8/site-packages:/root/deepracer_ws/aws-deepracer-launcher/install/usb_monitor_pkg/lib/python3.8/site-packages:/root/deepracer_ws/aws-deepracer-launcher/install/status_led_pkg/lib/python3.8/site-packages:/root/deepracer_ws/aws-deepracer-launcher/install/deepracer_interfaces_pkg/lib/python3.8/site-packages:${PYTHONPATH} /usr/bin/python3 -W ignore:setup.py install is deprecated setup.py egg_info --egg-base ../../build/deepracer_systems_pkg build --build-base /root/deepracer_ws/aws-deepracer-launcher/build/deepracer_systems_pkg/build install --record /root/deepracer_ws/aws-deepracer-launcher/build/deepracer_systems_pkg/install.log --install-scripts $base/lib/deepracer_systems_pkg --single-version-externally-managed install_data
